[2025-08-01 19:49:29] Script started
[2025-08-01 19:49:29] Template path: /Users/achrafbayi/Desktop/Data processing alternative/Code/backend/src/services/FileWebDesign/Intro - Textes _ CLIENT _ PROJET.docx
[2025-08-01 19:49:29] Output path: /Users/achrafbayi/Desktop/Data processing alternative/Code/backend/src/services/FileWebDesign/PROCESSED_Intro - Textes _ OMERTA48 _ OMERTA48.docx
[2025-08-01 19:49:29] Encoded data length: 760 characters
[2025-08-01 19:49:29] Decoding base64 data...
[2025-08-01 19:49:29] Successfully decoded base64 data
[2025-08-01 19:49:29] [DEBUG] Type of shop_data_string after decode: <class 'str'>
[2025-08-01 19:49:29] [DEBUG] First 100 chars of shop_data_string: {"nomProjet":"Omerta48","typeProjet":"shop","contactsClient":"achrafbayi@icloud.com","nomClient":"Om...
[2025-08-01 19:49:29] Parsing JSON data...
[2025-08-01 19:49:29] Successfully parsed JSON data
[2025-08-01 19:49:29] [DEBUG] Type of shop_data after json.loads: <class 'dict'>
[2025-08-01 19:49:29] [DEBUG] shop_data keys: ['nomProjet', 'typeProjet', 'contactsClient', 'nomClient', 'compteClientRef', 'dateMiseEnLigne', 'dateCommercialisation', 'dateSortieOfficielle', 'precommande', 'dedicaceEnvisagee', 'estBoutiqueEnLigne', 'chefProjet', 'demarrageProjet', 'commercial', 'raisonSociale', 'shopifyPlanMonthlySelected', 'shopifyPlanYearlySelected', 'typeAbonnementShopify', 'moduleMondialRelay', 'moduleDelivengo']
[2025-08-01 19:49:29] Starting document processing...
[2025-08-01 19:49:29] Starting document processing for: /Users/achrafbayi/Desktop/Data processing alternative/Code/backend/src/services/FileWebDesign/Intro - Textes _ CLIENT _ PROJET.docx
[2025-08-01 19:49:29] Output will be saved to: /Users/achrafbayi/Desktop/Data processing alternative/Code/backend/src/services/FileWebDesign/PROCESSED_Intro - Textes _ OMERTA48 _ OMERTA48.docx
[2025-08-01 19:49:29] Successfully loaded document: /Users/achrafbayi/Desktop/Data processing alternative/Code/backend/src/services/FileWebDesign/Intro - Textes _ CLIENT _ PROJET.docx
[2025-08-01 19:49:29] [DEBUG - Inside replace_placeholders_and_format] Type of shop_data: <class 'dict'>
[2025-08-01 19:49:29] [DEBUG - Inside replace_placeholders_and_format] Content of shop_data: {'nomProjet': 'Omerta48', 'typeProjet': 'shop', 'contactsClient': 'achrafbayi@icloud.com', 'nomClient': 'Omerta48', 'compteClientRef': '213224', 'dateMiseEnLigne': '2025/08/01', 'dateCommercialisation': '2025/08/02', 'dateSortieOfficielle': '2025/08/03', 'precommande': 'OUI', 'dedicaceEnvisagee': 'NON', 'estBoutiqueEnLigne': 'OUI', 'chefProjet': 'Elie Yaffa', 'demarrageProjet': '2025/08/01', 'commercial': 'Achraf', 'raisonSociale': 'Omerta48', 'shopifyPlanMonthlySelected': False, 'shopifyPlanYearlySelected': True, 'typeAbonnementShopify': 'annuel', 'moduleMondialRelay': True, 'moduleDelivengo': False}
[2025-08-01 19:49:29] Starting global placeholder replacement...
[2025-08-01 19:49:29] Total runs to process: 0
[2025-08-01 19:49:29] Runs with non-empty text: 0
[2025-08-01 19:49:29] Looking for placeholder: XXX1 (value: 'Omerta48')
[2025-08-01 19:49:29] Total replacements made for XXX1: 0
[2025-08-01 19:49:29] Looking for placeholder: XXX2 (value: 'shop')
[2025-08-01 19:49:29] Total replacements made for XXX2: 0
[2025-08-01 19:49:29] Looking for placeholder: XXX3 (value: 'Achraf')
[2025-08-01 19:49:29] Total replacements made for XXX3: 0
[2025-08-01 19:49:29] Looking for placeholder: XXX4 (value: 'Omerta48')
[2025-08-01 19:49:29] Total replacements made for XXX4: 0
[2025-08-01 19:49:29] Looking for placeholder: XXX5 (value: '213224')
[2025-08-01 19:49:29] Total replacements made for XXX5: 0
[2025-08-01 19:49:29] Looking for placeholder: XXX7 (value: '2025/08/01')
[2025-08-01 19:49:29] Total replacements made for XXX7: 0
[2025-08-01 19:49:29] Looking for placeholder: XXX8 (value: '2025/08/02')
[2025-08-01 19:49:29] Total replacements made for XXX8: 0
[2025-08-01 19:49:29] Looking for placeholder: XXX9 (value: '2025/08/03')
[2025-08-01 19:49:29] Total replacements made for XXX9: 0
[2025-08-01 19:49:29] Looking for placeholder: XXX10 (value: 'OUI')
[2025-08-01 19:49:29] Total replacements made for XXX10: 0
[2025-08-01 19:49:29] Looking for placeholder: XXX11 (value: 'NON')
[2025-08-01 19:49:29] Total replacements made for XXX11: 0
[2025-08-01 19:49:29] Looking for placeholder: XXX12 (value: 'OUI')
[2025-08-01 19:49:29] Total replacements made for XXX12: 0
[2025-08-01 19:49:29] Looking for placeholder: XXX13 (value: 'Elie Yaffa')
[2025-08-01 19:49:29] Total replacements made for XXX13: 0
[2025-08-01 19:49:29] Looking for placeholder: XXX14 (value: '2025/08/01')
[2025-08-01 19:49:29] Total replacements made for XXX14: 0
[2025-08-01 19:49:29] Looking for placeholder: XXX15 (value: 'achrafbayi@icloud.com')
[2025-08-01 19:49:29] Total replacements made for XXX15: 0
[2025-08-01 19:49:29] Looking for placeholder: XXX69 (value: '')
[2025-08-01 19:49:29] Total replacements made for XXX69: 0
[2025-08-01 19:49:29] Looking for placeholder: COMPTENUM (value: '213224')
[2025-08-01 19:49:29] Total replacements made for COMPTENUM: 0
[2025-08-01 19:49:29] Attempting direct paragraph text replacement...
[2025-08-01 19:49:29] Attempting direct table cell text replacement...
[2025-08-01 19:49:29] Starting strikethrough application...
[2025-08-01 19:49:29] XML-level placeholder replacement completed.
[2025-08-01 19:49:29] Document processing completed successfully
[2025-08-01 19:49:29] Document processing completed successfully
