[2025-07-31 14:42:04] Script started
[2025-07-31 14:42:04] Template path: /Users/achrafbayi/Desktop/Data processing alternative/Code/backend/src/services/DocxAModifier/FICHE PROJET_ CLIENT _ PROJET _ COMPTENUM _Démarrage Projet.docx
[2025-07-31 14:42:04] Output path: /Users/achrafbayi/Desktop/Data processing alternative/Code/backend/src/services/DocxAModifier/PROCESSED_FICHE PROJET_ TsT _ TestFixBugs _ 887459 _Démarrage Projet.docx
[2025-07-31 14:42:04] Encoded data length: 872 characters
[2025-07-31 14:42:04] Decoding base64 data...
[2025-07-31 14:42:04] Successfully decoded base64 data
[2025-07-31 14:42:04] [DEBUG] Type of shop_data_string after decode: <class 'str'>
[2025-07-31 14:42:04] [DEBUG] First 100 chars of shop_data_string: {"nomProjet":"TestFixBugs","typeProjet":"Fixing bugs","contactsClient":"achrafbayi@icloud.com","nomC...
[2025-07-31 14:42:04] Parsing JSON data...
[2025-07-31 14:42:04] Successfully parsed JSON data
[2025-07-31 14:42:04] [DEBUG] Type of shop_data after json.loads: <class 'dict'>
[2025-07-31 14:42:04] [DEBUG] shop_data keys: ['nomProjet', 'typeProjet', 'contactsClient', 'nomClient', 'compteClientRef', 'dateMiseEnLigne', 'dateCommercialisation', 'dateSortieOfficielle', 'precommande', 'dedicaceEnvisagee', 'estBoutiqueEnLigne', 'chefProjet', 'demarrageProjet', 'pourcentageSNA', 'dateMiseEnLigneDDMMYYYY', 'typeAbonnementShopify', 'moduleMondialRelay', 'moduleDelivengo', 'commercial', 'clientName', 'raisonSociale', 'shopifyPlanMonthlySelected', 'shopifyPlanYearlySelected']
[2025-07-31 14:42:04] Starting document processing...
[2025-07-31 14:42:04] Starting document processing for: /Users/achrafbayi/Desktop/Data processing alternative/Code/backend/src/services/DocxAModifier/FICHE PROJET_ CLIENT _ PROJET _ COMPTENUM _Démarrage Projet.docx
[2025-07-31 14:42:04] Output will be saved to: /Users/achrafbayi/Desktop/Data processing alternative/Code/backend/src/services/DocxAModifier/PROCESSED_FICHE PROJET_ TsT _ TestFixBugs _ 887459 _Démarrage Projet.docx
[2025-07-31 14:42:04] Successfully loaded document: /Users/achrafbayi/Desktop/Data processing alternative/Code/backend/src/services/DocxAModifier/FICHE PROJET_ CLIENT _ PROJET _ COMPTENUM _Démarrage Projet.docx
[2025-07-31 14:42:04] [DEBUG - Inside replace_placeholders_and_format] Type of shop_data: <class 'dict'>
[2025-07-31 14:42:04] [DEBUG - Inside replace_placeholders_and_format] Content of shop_data: {'nomProjet': 'TestFixBugs', 'typeProjet': 'Fixing bugs', 'contactsClient': 'achrafbayi@icloud.com', 'nomClient': 'TsT', 'compteClientRef': '887459', 'dateMiseEnLigne': '2025/07/15', 'dateCommercialisation': '2025/07/15', 'dateSortieOfficielle': '2025/07/15', 'precommande': 'OUI', 'dedicaceEnvisagee': 'NON', 'estBoutiqueEnLigne': 'OUI', 'chefProjet': 'Ash Bayi', 'demarrageProjet': '2025/07/15', 'pourcentageSNA': 20, 'dateMiseEnLigneDDMMYYYY': '15/07/2025', 'typeAbonnementShopify': 'annuel', 'moduleMondialRelay': True, 'moduleDelivengo': False, 'commercial': 'Achraf', 'clientName': '887459_TST', 'raisonSociale': 'TsT', 'shopifyPlanMonthlySelected': False, 'shopifyPlanYearlySelected': True}
[2025-07-31 14:42:04] Starting global placeholder replacement...
[2025-07-31 14:42:04] Total runs to process: 91
[2025-07-31 14:42:04] Runs with non-empty text: 78
[2025-07-31 14:42:04] Run 0: 'FICHE DE SUIVI PROJET D2C'
[2025-07-31 14:42:04] Run 1: 'Projet'
[2025-07-31 14:42:04] Run 2: ' :  '
[2025-07-31 14:42:04] Run 3: 'Type de Projet'
[2025-07-31 14:42:04] Run 4: ' :  '
[2025-07-31 14:42:04] Run 5: 'XXX2'
[2025-07-31 14:42:04] Run 6: 'Boutique en ligne'
[2025-07-31 14:42:04] Run 7: ' : '
[2025-07-31 14:42:04] Run 8: 'Commercial'
[2025-07-31 14:42:04] Run 9: ' : '
[2025-07-31 14:42:04] Looking for placeholder: XXX1 (value: 'TestFixBugs')
[2025-07-31 14:42:04] Total replacements made for XXX1: 0
[2025-07-31 14:42:04] Looking for placeholder: XXX2 (value: 'Fixing bugs')
[2025-07-31 14:42:04] ✅ (run exact) Replaced XXX2 with 'Fixing bugs': 'XXX2' → 'Fixing bugs'
[2025-07-31 14:42:04] Total replacements made for XXX2: 1
[2025-07-31 14:42:04] Looking for placeholder: XXX3 (value: 'Achraf')
[2025-07-31 14:42:04] ✅ (run exact) Replaced XXX3 with 'Achraf': 'XXX3' → 'Achraf'
[2025-07-31 14:42:04] Total replacements made for XXX3: 1
[2025-07-31 14:42:04] Looking for placeholder: XXX4 (value: 'TsT')
[2025-07-31 14:42:04] Total replacements made for XXX4: 0
[2025-07-31 14:42:04] Looking for placeholder: XXX5 (value: '887459')
[2025-07-31 14:42:04] Total replacements made for XXX5: 0
[2025-07-31 14:42:04] Looking for placeholder: XXX7 (value: '2025/07/15')
[2025-07-31 14:42:04] Total replacements made for XXX7: 0
[2025-07-31 14:42:04] Looking for placeholder: XXX8 (value: '2025/07/15')
[2025-07-31 14:42:04] Total replacements made for XXX8: 0
[2025-07-31 14:42:04] Looking for placeholder: XXX9 (value: '2025/07/15')
[2025-07-31 14:42:04] Total replacements made for XXX9: 0
[2025-07-31 14:42:04] Looking for placeholder: XXX10 (value: 'OUI')
[2025-07-31 14:42:04] Total replacements made for XXX10: 0
[2025-07-31 14:42:04] Looking for placeholder: XXX11 (value: 'NON')
[2025-07-31 14:42:04] Total replacements made for XXX11: 0
[2025-07-31 14:42:04] Looking for placeholder: XXX12 (value: 'OUI')
[2025-07-31 14:42:04] Total replacements made for XXX12: 0
[2025-07-31 14:42:04] Looking for placeholder: XXX13 (value: 'Ash Bayi')
[2025-07-31 14:42:04] Total replacements made for XXX13: 0
[2025-07-31 14:42:04] Looking for placeholder: XXX14 (value: '2025/07/15')
[2025-07-31 14:42:04] Total replacements made for XXX14: 0
[2025-07-31 14:42:04] Looking for placeholder: XXX15 (value: 'achrafbayi@icloud.com')
[2025-07-31 14:42:04] Total replacements made for XXX15: 0
[2025-07-31 14:42:04] Looking for placeholder: XXX69 (value: '20')
[2025-07-31 14:42:04] ✅ (run exact) Replaced XXX69 with '20': 'XXX69' → '20'
[2025-07-31 14:42:04] Total replacements made for XXX69: 1
[2025-07-31 14:42:04] Looking for placeholder: COMPTENUM (value: '887459')
[2025-07-31 14:42:04] Total replacements made for COMPTENUM: 0
[2025-07-31 14:42:04] Attempting direct paragraph text replacement...
[2025-07-31 14:42:04] Attempting direct table cell text replacement...
[2025-07-31 14:42:04] Found XXX7 in table cell: 'Date Mise en Ligne (MEL) : XXX7'
[2025-07-31 14:42:04] ✅ Replaced in table cell: 'Date Mise en Ligne (MEL) : XXX7' → 'Date Mise en Ligne (MEL) : 2025/07/15'
[2025-07-31 14:42:04] Found XXX9 in table cell: 'Date Sortie Officielle : XXX9'
[2025-07-31 14:42:04] ✅ Replaced in table cell: 'Date Sortie Officielle : XXX9' → 'Date Sortie Officielle : 2025/07/15'
[2025-07-31 14:42:04] Found XXX1 in table cell: 'Dédicace : XXX11'
[2025-07-31 14:42:04] ✅ Replaced in table cell: 'Dédicace : XXX11' → 'Dédicace : TestFixBugs1'
[2025-07-31 14:42:04] Found XXX11 in table cell: 'Dédicace : XXX11'
[2025-07-31 14:42:04] ✅ Replaced in table cell: 'Dédicace : XXX11' → 'Dédicace : NON'
[2025-07-31 14:42:04] Found XXX1 in table cell: 'DÉMARRAGE DU PROJET :  XXX14	'
[2025-07-31 14:42:04] ✅ Replaced in table cell: 'DÉMARRAGE DU PROJET :  XXX14	' → 'DÉMARRAGE DU PROJET :  TestFixBugs4	'
[2025-07-31 14:42:04] Found XXX14 in table cell: 'DÉMARRAGE DU PROJET :  XXX14	'
[2025-07-31 14:42:04] ✅ Replaced in table cell: 'DÉMARRAGE DU PROJET :  XXX14	' → 'DÉMARRAGE DU PROJET :  2025/07/15	'
[2025-07-31 14:42:04] Found XXX1 in table cell: 'DÉMARRAGE DU PROJET XXX14	'
[2025-07-31 14:42:04] ✅ Replaced in table cell: 'DÉMARRAGE DU PROJET XXX14	' → 'DÉMARRAGE DU PROJET TestFixBugs4	'
[2025-07-31 14:42:04] Found XXX14 in table cell: 'DÉMARRAGE DU PROJET XXX14	'
[2025-07-31 14:42:04] ✅ Replaced in table cell: 'DÉMARRAGE DU PROJET XXX14	' → 'DÉMARRAGE DU PROJET 2025/07/15	'
[2025-07-31 14:42:04] Starting strikethrough application...
[2025-07-31 14:42:04] [XML] Replaced XXX10 -> 'OUI' (1 occurrence(s)) in word/document.xml
[2025-07-31 14:42:04] [XML] Replaced XXX12 -> 'OUI' (1 occurrence(s)) in word/document.xml
[2025-07-31 14:42:04] [XML] Replaced XXX13 -> 'Ash Bayi' (1 occurrence(s)) in word/document.xml
[2025-07-31 14:42:04] [XML] Replaced XXX15 -> 'achrafbayi@icloud.com' (1 occurrence(s)) in word/document.xml
[2025-07-31 14:42:04] [XML] Replaced XXX1 -> 'TestFixBugs' (1 occurrence(s)) in word/document.xml
[2025-07-31 14:42:04] [XML] Replaced XXX4 -> 'TsT' (1 occurrence(s)) in word/document.xml
[2025-07-31 14:42:04] [XML] Replaced XXX5 -> '887459' (1 occurrence(s)) in word/document.xml
[2025-07-31 14:42:04] [XML] Replaced XXX8 -> '2025/07/15' (1 occurrence(s)) in word/document.xml
[2025-07-31 14:42:04] XML-level placeholder replacement completed.
[2025-07-31 14:42:04] Document processing completed successfully
[2025-07-31 14:42:04] Document processing completed successfully
