[2025-08-03 18:52:48] Script started
[2025-08-03 18:52:48] Template path: /Users/achrafbayi/Desktop/Data processing alternative/Code/backend/src/services/DocxAModifier/FICHE PROJET_ CLIENT _ PROJET _ COMPTENUM _Démarrage Projet.docx
[2025-08-03 18:52:48] Output path: /Users/achrafbayi/Desktop/Data processing alternative/Code/backend/src/services/DocxAModifier/PROCESSED_FICHE PROJET_ GZ _ Omerta57 _ 912312 _Démarrage Projet.docx
[2025-08-03 18:52:48] Encoded data length: 868 characters
[2025-08-03 18:52:48] Decoding base64 data...
[2025-08-03 18:52:48] Successfully decoded base64 data
[2025-08-03 18:52:48] [DEBUG] Type of shop_data_string after decode: <class 'str'>
[2025-08-03 18:52:48] [DEBUG] First 100 chars of shop_data_string: {"nomProjet":"Omerta57","typeProjet":"shop","contactsClient":"achrafbayi@icloud.com","nomClient":"GZ...
[2025-08-03 18:52:48] Parsing JSON data...
[2025-08-03 18:52:48] Successfully parsed JSON data
[2025-08-03 18:52:48] [DEBUG] Type of shop_data after json.loads: <class 'dict'>
[2025-08-03 18:52:48] [DEBUG] shop_data keys: ['nomProjet', 'typeProjet', 'contactsClient', 'nomClient', 'compteClientRef', 'dateMiseEnLigne', 'dateCommercialisation', 'dateSortieOfficielle', 'precommande', 'dedicaceEnvisagee', 'estBoutiqueEnLigne', 'chefProjet', 'demarrageProjet', 'pourcentageSNA', 'dateMiseEnLigneDDMMYYYY', 'typeAbonnementShopify', 'moduleMondialRelay', 'moduleDelivengo', 'commercial', 'clientName', 'raisonSociale', 'shopifyPlanMonthlySelected', 'shopifyPlanYearlySelected']
[2025-08-03 18:52:48] Starting document processing...
[2025-08-03 18:52:48] Starting document processing for: /Users/achrafbayi/Desktop/Data processing alternative/Code/backend/src/services/DocxAModifier/FICHE PROJET_ CLIENT _ PROJET _ COMPTENUM _Démarrage Projet.docx
[2025-08-03 18:52:48] Output will be saved to: /Users/achrafbayi/Desktop/Data processing alternative/Code/backend/src/services/DocxAModifier/PROCESSED_FICHE PROJET_ GZ _ Omerta57 _ 912312 _Démarrage Projet.docx
[2025-08-03 18:52:48] Successfully loaded document: /Users/achrafbayi/Desktop/Data processing alternative/Code/backend/src/services/DocxAModifier/FICHE PROJET_ CLIENT _ PROJET _ COMPTENUM _Démarrage Projet.docx
[2025-08-03 18:52:48] [DEBUG - Inside replace_placeholders_and_format] Type of shop_data: <class 'dict'>
[2025-08-03 18:52:48] [DEBUG - Inside replace_placeholders_and_format] Content of shop_data: {'nomProjet': 'Omerta57', 'typeProjet': 'shop', 'contactsClient': 'achrafbayi@icloud.com', 'nomClient': 'GZ', 'compteClientRef': '912312', 'dateMiseEnLigne': '2025/08/03', 'dateCommercialisation': '2025/08/04', 'dateSortieOfficielle': '2025/08/05', 'precommande': 'OUI', 'dedicaceEnvisagee': 'NON', 'estBoutiqueEnLigne': 'OUI', 'chefProjet': 'Bintou Toutou', 'demarrageProjet': '2025/08/11', 'pourcentageSNA': 32, 'dateMiseEnLigneDDMMYYYY': '03/08/2025', 'typeAbonnementShopify': 'mensuel', 'moduleMondialRelay': True, 'moduleDelivengo': False, 'commercial': 'Achraf Bayi', 'clientName': '912312_GZ', 'raisonSociale': 'GZ', 'shopifyPlanMonthlySelected': True, 'shopifyPlanYearlySelected': False}
[2025-08-03 18:52:48] Starting global placeholder replacement...
[2025-08-03 18:52:48] Total runs to process: 91
[2025-08-03 18:52:48] Runs with non-empty text: 78
[2025-08-03 18:52:48] Run 0: 'FICHE DE SUIVI PROJET D2C'
[2025-08-03 18:52:48] Run 1: 'Projet'
[2025-08-03 18:52:48] Run 2: ' :  '
[2025-08-03 18:52:48] Run 3: 'Type de Projet'
[2025-08-03 18:52:48] Run 4: ' :  '
[2025-08-03 18:52:48] Run 5: 'XXX2'
[2025-08-03 18:52:48] Run 6: 'Boutique en ligne'
[2025-08-03 18:52:48] Run 7: ' : '
[2025-08-03 18:52:48] Run 8: 'Commercial'
[2025-08-03 18:52:48] Run 9: ' : '
[2025-08-03 18:52:48] Looking for placeholder: XXX1 (value: 'Omerta57')
[2025-08-03 18:52:48] Total replacements made for XXX1: 0
[2025-08-03 18:52:48] Looking for placeholder: XXX2 (value: 'shop')
[2025-08-03 18:52:48] ✅ (run exact) Replaced XXX2 with 'shop': 'XXX2' → 'shop'
[2025-08-03 18:52:48] Total replacements made for XXX2: 1
[2025-08-03 18:52:48] Looking for placeholder: XXX3 (value: 'Achraf Bayi')
[2025-08-03 18:52:48] ✅ (run exact) Replaced XXX3 with 'Achraf Bayi': 'XXX3' → 'Achraf Bayi'
[2025-08-03 18:52:48] Total replacements made for XXX3: 1
[2025-08-03 18:52:48] Looking for placeholder: XXX4 (value: 'GZ')
[2025-08-03 18:52:48] Total replacements made for XXX4: 0
[2025-08-03 18:52:48] Looking for placeholder: XXX5 (value: '912312')
[2025-08-03 18:52:48] Total replacements made for XXX5: 0
[2025-08-03 18:52:48] Looking for placeholder: XXX7 (value: '2025/08/03')
[2025-08-03 18:52:48] Total replacements made for XXX7: 0
[2025-08-03 18:52:48] Looking for placeholder: XXX8 (value: '2025/08/04')
[2025-08-03 18:52:48] Total replacements made for XXX8: 0
[2025-08-03 18:52:48] Looking for placeholder: XXX9 (value: '2025/08/05')
[2025-08-03 18:52:48] Total replacements made for XXX9: 0
[2025-08-03 18:52:48] Looking for placeholder: XXX10 (value: 'OUI')
[2025-08-03 18:52:48] Total replacements made for XXX10: 0
[2025-08-03 18:52:48] Looking for placeholder: XXX11 (value: 'NON')
[2025-08-03 18:52:48] Total replacements made for XXX11: 0
[2025-08-03 18:52:48] Looking for placeholder: XXX12 (value: 'OUI')
[2025-08-03 18:52:48] Total replacements made for XXX12: 0
[2025-08-03 18:52:48] Looking for placeholder: XXX13 (value: 'Bintou Toutou')
[2025-08-03 18:52:48] Total replacements made for XXX13: 0
[2025-08-03 18:52:48] Looking for placeholder: XXX14 (value: '2025/08/11')
[2025-08-03 18:52:48] Total replacements made for XXX14: 0
[2025-08-03 18:52:48] Looking for placeholder: XXX15 (value: 'achrafbayi@icloud.com')
[2025-08-03 18:52:48] Total replacements made for XXX15: 0
[2025-08-03 18:52:48] Looking for placeholder: XXX69 (value: '32')
[2025-08-03 18:52:48] ✅ (run exact) Replaced XXX69 with '32': 'XXX69' → '32'
[2025-08-03 18:52:48] Total replacements made for XXX69: 1
[2025-08-03 18:52:48] Looking for placeholder: COMPTENUM (value: '912312')
[2025-08-03 18:52:48] Total replacements made for COMPTENUM: 0
[2025-08-03 18:52:48] Attempting direct paragraph text replacement...
[2025-08-03 18:52:48] Attempting direct table cell text replacement...
[2025-08-03 18:52:48] Found XXX7 in table cell: 'Date Mise en Ligne (MEL) : XXX7'
[2025-08-03 18:52:48] ✅ Replaced in table cell: 'Date Mise en Ligne (MEL) : XXX7' → 'Date Mise en Ligne (MEL) : 2025/08/03'
[2025-08-03 18:52:48] Found XXX9 in table cell: 'Date Sortie Officielle : XXX9'
[2025-08-03 18:52:48] ✅ Replaced in table cell: 'Date Sortie Officielle : XXX9' → 'Date Sortie Officielle : 2025/08/05'
[2025-08-03 18:52:48] Found XXX1 in table cell: 'Dédicace : XXX11'
[2025-08-03 18:52:48] ✅ Replaced in table cell: 'Dédicace : XXX11' → 'Dédicace : Omerta571'
[2025-08-03 18:52:48] Found XXX11 in table cell: 'Dédicace : XXX11'
[2025-08-03 18:52:48] ✅ Replaced in table cell: 'Dédicace : XXX11' → 'Dédicace : NON'
[2025-08-03 18:52:48] Found XXX1 in table cell: 'DÉMARRAGE DU PROJET :  XXX14	'
[2025-08-03 18:52:48] ✅ Replaced in table cell: 'DÉMARRAGE DU PROJET :  XXX14	' → 'DÉMARRAGE DU PROJET :  Omerta574	'
[2025-08-03 18:52:48] Found XXX14 in table cell: 'DÉMARRAGE DU PROJET :  XXX14	'
[2025-08-03 18:52:48] ✅ Replaced in table cell: 'DÉMARRAGE DU PROJET :  XXX14	' → 'DÉMARRAGE DU PROJET :  2025/08/11	'
[2025-08-03 18:52:48] Found XXX1 in table cell: 'DÉMARRAGE DU PROJET XXX14	'
[2025-08-03 18:52:48] ✅ Replaced in table cell: 'DÉMARRAGE DU PROJET XXX14	' → 'DÉMARRAGE DU PROJET Omerta574	'
[2025-08-03 18:52:48] Found XXX14 in table cell: 'DÉMARRAGE DU PROJET XXX14	'
[2025-08-03 18:52:48] ✅ Replaced in table cell: 'DÉMARRAGE DU PROJET XXX14	' → 'DÉMARRAGE DU PROJET 2025/08/11	'
[2025-08-03 18:52:48] Starting strikethrough application...
[2025-08-03 18:52:48] [XML] Replaced XXX10 -> 'OUI' (1 occurrence(s)) in word/document.xml
[2025-08-03 18:52:48] [XML] Replaced XXX12 -> 'OUI' (1 occurrence(s)) in word/document.xml
[2025-08-03 18:52:48] [XML] Replaced XXX13 -> 'Bintou Toutou' (1 occurrence(s)) in word/document.xml
[2025-08-03 18:52:48] [XML] Replaced XXX15 -> 'achrafbayi@icloud.com' (1 occurrence(s)) in word/document.xml
[2025-08-03 18:52:48] [XML] Replaced XXX1 -> 'Omerta57' (1 occurrence(s)) in word/document.xml
[2025-08-03 18:52:48] [XML] Replaced XXX4 -> 'GZ' (1 occurrence(s)) in word/document.xml
[2025-08-03 18:52:48] [XML] Replaced XXX5 -> '912312' (1 occurrence(s)) in word/document.xml
[2025-08-03 18:52:48] [XML] Replaced XXX8 -> '2025/08/04' (1 occurrence(s)) in word/document.xml
[2025-08-03 18:52:48] XML-level placeholder replacement completed.
[2025-08-03 18:52:48] Document processing completed successfully
[2025-08-03 18:52:48] Document processing completed successfully
