[2025-07-10 12:08:36] Script started
[2025-07-10 12:08:36] Template path: /Users/achrafbayi/Desktop/Data processing alternative/Code/backend/src/services/FileWebDesign/Intro - Textes _ CLIENT _ PROJET.docx
[2025-07-10 12:08:36] Output path: /Users/achrafbayi/Desktop/Data processing alternative/Code/backend/src/services/FileWebDesign/PROCESSED_Intro - Textes _ GZ _ TEST.docx
[2025-07-10 12:08:36] Encoded data length: 668 characters
[2025-07-10 12:08:36] Decoding base64 data...
[2025-07-10 12:08:36] Successfully decoded base64 data
[2025-07-10 12:08:36] [DEBUG] Type of shop_data_string after decode: <class 'str'>
[2025-07-10 12:08:36] [DEBUG] First 100 chars of shop_data_string: {"nomProjet":"TEST","typeProjet":"WEQRQF","contactsClient":"DWQFQFW","nomClient":"GZ","compteClientR...
[2025-07-10 12:08:36] Parsing JSON data...
[2025-07-10 12:08:36] Successfully parsed JSON data
[2025-07-10 12:08:36] [DEBUG] Type of shop_data after json.loads: <class 'dict'>
[2025-07-10 12:08:36] [DEBUG] shop_data keys: ['nomProjet', 'typeProjet', 'contactsClient', 'nomClient', 'compteClientRef', 'dateMiseEnLigne', 'dateCommercialisation', 'dateSortieOfficielle', 'precommande', 'dedicaceEnvisagee', 'estBoutiqueEnLigne', 'chefProjet', 'demarrageProjet', 'commercial', 'raisonSociale', 'shopifyPlanMonthlySelected', 'shopifyPlanYearlySelected', 'typeAbonnementShopify', 'moduleMondialRelay', 'moduleDelivengo']
[2025-07-10 12:08:36] Starting document processing...
[2025-07-10 12:08:36] Starting document processing for: /Users/achrafbayi/Desktop/Data processing alternative/Code/backend/src/services/FileWebDesign/Intro - Textes _ CLIENT _ PROJET.docx
[2025-07-10 12:08:36] Output will be saved to: /Users/achrafbayi/Desktop/Data processing alternative/Code/backend/src/services/FileWebDesign/PROCESSED_Intro - Textes _ GZ _ TEST.docx
[2025-07-10 12:08:36] Successfully loaded document: /Users/achrafbayi/Desktop/Data processing alternative/Code/backend/src/services/FileWebDesign/Intro - Textes _ CLIENT _ PROJET.docx
[2025-07-10 12:08:36] [DEBUG - Inside replace_placeholders_and_format] Type of shop_data: <class 'dict'>
[2025-07-10 12:08:36] [DEBUG - Inside replace_placeholders_and_format] Content of shop_data: {'nomProjet': 'TEST', 'typeProjet': 'WEQRQF', 'contactsClient': 'DWQFQFW', 'nomClient': 'GZ', 'compteClientRef': '123456', 'dateMiseEnLigne': '', 'dateCommercialisation': '', 'dateSortieOfficielle': '', 'precommande': 'NON', 'dedicaceEnvisagee': 'NON', 'estBoutiqueEnLigne': 'NON', 'chefProjet': 'Jhon Doe', 'demarrageProjet': '2025/09/09', 'commercial': '', 'raisonSociale': 'GZ', 'shopifyPlanMonthlySelected': False, 'shopifyPlanYearlySelected': False, 'typeAbonnementShopify': '', 'moduleMondialRelay': False, 'moduleDelivengo': False}
[2025-07-10 12:08:36] Starting global placeholder replacement...
[2025-07-10 12:08:36] Total runs to process: 0
[2025-07-10 12:08:36] Runs with non-empty text: 0
[2025-07-10 12:08:36] Looking for placeholder: XXX1 (value: 'TEST')
[2025-07-10 12:08:36] Total replacements made for XXX1: 0
[2025-07-10 12:08:36] Looking for placeholder: XXX2 (value: 'WEQRQF')
[2025-07-10 12:08:36] Total replacements made for XXX2: 0
[2025-07-10 12:08:36] Looking for placeholder: XXX3 (value: '')
[2025-07-10 12:08:36] Total replacements made for XXX3: 0
[2025-07-10 12:08:36] Looking for placeholder: XXX4 (value: 'GZ')
[2025-07-10 12:08:36] Total replacements made for XXX4: 0
[2025-07-10 12:08:36] Looking for placeholder: XXX5 (value: '123456')
[2025-07-10 12:08:36] Total replacements made for XXX5: 0
[2025-07-10 12:08:36] Looking for placeholder: XXX7 (value: '')
[2025-07-10 12:08:36] Total replacements made for XXX7: 0
[2025-07-10 12:08:36] Looking for placeholder: XXX8 (value: '')
[2025-07-10 12:08:36] Total replacements made for XXX8: 0
[2025-07-10 12:08:36] Looking for placeholder: XXX9 (value: '')
[2025-07-10 12:08:36] Total replacements made for XXX9: 0
[2025-07-10 12:08:36] Looking for placeholder: XXX10 (value: 'NON')
[2025-07-10 12:08:36] Total replacements made for XXX10: 0
[2025-07-10 12:08:36] Looking for placeholder: XXX11 (value: 'NON')
[2025-07-10 12:08:36] Total replacements made for XXX11: 0
[2025-07-10 12:08:36] Looking for placeholder: XXX12 (value: 'NON')
[2025-07-10 12:08:36] Total replacements made for XXX12: 0
[2025-07-10 12:08:36] Looking for placeholder: XXX13 (value: 'Jhon Doe')
[2025-07-10 12:08:36] Total replacements made for XXX13: 0
[2025-07-10 12:08:36] Looking for placeholder: XXX14 (value: '2025/09/09')
[2025-07-10 12:08:36] Total replacements made for XXX14: 0
[2025-07-10 12:08:36] Looking for placeholder: XXX15 (value: 'DWQFQFW')
[2025-07-10 12:08:36] Total replacements made for XXX15: 0
[2025-07-10 12:08:36] Looking for placeholder: COMPTENUM (value: '123456')
[2025-07-10 12:08:36] Total replacements made for COMPTENUM: 0
[2025-07-10 12:08:36] Attempting direct paragraph text replacement...
[2025-07-10 12:08:36] Attempting direct table cell text replacement...
[2025-07-10 12:08:36] Starting strikethrough application...
[2025-07-10 12:08:36] XML-level placeholder replacement completed.
[2025-07-10 12:08:36] Document processing completed successfully
[2025-07-10 12:08:36] Document processing completed successfully
