[2025-06-26 16:46:42] Script started
[2025-06-26 16:46:42] Template path: /Users/achrafbayi/Desktop/Data processing alternative/Code/backend/src/services/DocxAModifier/MODELE.FICHE.PROJET_CLIENT_PROJET_AAAAMMJJ.docx
[2025-06-26 16:46:42] Output path: /Users/achrafbayi/Desktop/Data processing alternative/Code/backend/src/services/DocxAModifier/PROCESSED_FICHE_PROJET_685d5d192bf66ec14a3d3fe7.docx
[2025-06-26 16:46:42] Encoded data length: 504 characters
[2025-06-26 16:46:42] Decoding base64 data...
[2025-06-26 16:46:42] Successfully decoded base64 data
[2025-06-26 16:46:42] [DEBUG] Type of shop_data_string after decode: <class 'str'>
[2025-06-26 16:46:42] [DEBUG] First 100 chars of shop_data_string: {"nomProjet":"TEST26","typeProjet":"sfafsf","commercial":"Achraf","clientName":"NOCLIENTNUM_BATACLAN...
[2025-06-26 16:46:42] Parsing JSON data...
[2025-06-26 16:46:42] Successfully parsed JSON data
[2025-06-26 16:46:42] [DEBUG] Type of shop_data after json.loads: <class 'dict'>
[2025-06-26 16:46:42] [DEBUG] shop_data keys: ['nomProjet', 'typeProjet', 'commercial', 'clientName', 'raisonSociale', 'compteClientRef', 'contactsClient', 'dateMiseEnLigne', 'dateCommercialisation', 'dateSortieOfficielle', 'precommande', 'dedicaceEnvisagee', 'shopifyPlanMonthlySelected', 'shopifyPlanYearlySelected']
[2025-06-26 16:46:42] Starting document processing...
[2025-06-26 16:46:42] Starting document processing for: /Users/achrafbayi/Desktop/Data processing alternative/Code/backend/src/services/DocxAModifier/MODELE.FICHE.PROJET_CLIENT_PROJET_AAAAMMJJ.docx
[2025-06-26 16:46:42] Output will be saved to: /Users/achrafbayi/Desktop/Data processing alternative/Code/backend/src/services/DocxAModifier/PROCESSED_FICHE_PROJET_685d5d192bf66ec14a3d3fe7.docx
[2025-06-26 16:46:42] Failed to load document: Package not found at '/Users/achrafbayi/Desktop/Data processing alternative/Code/backend/src/services/DocxAModifier/MODELE.FICHE.PROJET_CLIENT_PROJET_AAAAMMJJ.docx'
[2025-06-26 16:46:42] Error processing document: Package not found at '/Users/achrafbayi/Desktop/Data processing alternative/Code/backend/src/services/DocxAModifier/MODELE.FICHE.PROJET_CLIENT_PROJET_AAAAMMJJ.docx'
[2025-06-26 16:46:42] Error type: PackageNotFoundError
[2025-06-26 16:46:42] Error args: ("Package not found at '/Users/achrafbayi/Desktop/Data processing alternative/Code/backend/src/services/DocxAModifier/MODELE.FICHE.PROJET_CLIENT_PROJET_AAAAMMJJ.docx'",)
[2025-06-26 16:46:42] Fatal error: Package not found at '/Users/achrafbayi/Desktop/Data processing alternative/Code/backend/src/services/DocxAModifier/MODELE.FICHE.PROJET_CLIENT_PROJET_AAAAMMJJ.docx'
