[2025-06-30 10:38:56] Script started
[2025-06-30 10:38:56] Template path: /Users/achrafbayi/Desktop/Data processing alternative/Code/backend/src/services/DocxAModifier/FICHE PROJET_ CLIENT _ PROJET _ COMPTENUM _Démarrage Projet.docx
[2025-06-30 10:38:56] Output path: /Users/achrafbayi/Desktop/Data processing alternative/Code/backend/src/services/DocxAModifier/PROCESSED_FICHE PROJET_ TsT _ TESTDOC _ 887459 _Démarrage Projet.docx
[2025-06-30 10:38:56] Encoded data length: 628 characters
[2025-06-30 10:38:56] Decoding base64 data...
[2025-06-30 10:38:56] Successfully decoded base64 data
[2025-06-30 10:38:56] [DEBUG] Type of shop_data_string after decode: <class 'str'>
[2025-06-30 10:38:56] [DEBUG] First 100 chars of shop_data_string: {"nomProjet":"TESTDOC","typeProjet":"test","contactsClient":"achrafbayi@icloud.com","nomClient":"TsT...
[2025-06-30 10:38:56] Parsing JSON data...
[2025-06-30 10:38:56] Successfully parsed JSON data
[2025-06-30 10:38:56] [DEBUG] Type of shop_data after json.loads: <class 'dict'>
[2025-06-30 10:38:56] [DEBUG] shop_data keys: ['nomProjet', 'typeProjet', 'contactsClient', 'nomClient', 'compteClientRef', 'dateMiseEnLigne', 'dateCommercialisation', 'dateSortieOfficielle', 'precommande', 'dedicaceEnvisagee', 'estBoutiqueEnLigne', 'chefProjet', 'demarrageProjet', 'commercial', 'clientName', 'raisonSociale', 'shopifyPlanMonthlySelected', 'shopifyPlanYearlySelected']
[2025-06-30 10:38:56] Starting document processing...
[2025-06-30 10:38:56] Starting document processing for: /Users/achrafbayi/Desktop/Data processing alternative/Code/backend/src/services/DocxAModifier/FICHE PROJET_ CLIENT _ PROJET _ COMPTENUM _Démarrage Projet.docx
[2025-06-30 10:38:56] Output will be saved to: /Users/achrafbayi/Desktop/Data processing alternative/Code/backend/src/services/DocxAModifier/PROCESSED_FICHE PROJET_ TsT _ TESTDOC _ 887459 _Démarrage Projet.docx
[2025-06-30 10:38:56] Successfully loaded document: /Users/achrafbayi/Desktop/Data processing alternative/Code/backend/src/services/DocxAModifier/FICHE PROJET_ CLIENT _ PROJET _ COMPTENUM _Démarrage Projet.docx
[2025-06-30 10:38:56] [DEBUG - Inside replace_placeholders_and_format] Type of shop_data: <class 'dict'>
[2025-06-30 10:38:56] [DEBUG - Inside replace_placeholders_and_format] Content of shop_data: {'nomProjet': 'TESTDOC', 'typeProjet': 'test', 'contactsClient': 'achrafbayi@icloud.com', 'nomClient': 'TsT', 'compteClientRef': '887459', 'dateMiseEnLigne': '', 'dateCommercialisation': '', 'dateSortieOfficielle': '', 'precommande': 'NON', 'dedicaceEnvisagee': 'NON', 'estBoutiqueEnLigne': 'NON', 'chefProjet': 'Jhon Doe', 'demarrageProjet': '2025/09/09', 'commercial': 'AchrafB', 'clientName': '887459_TST', 'raisonSociale': 'TsT', 'shopifyPlanMonthlySelected': False, 'shopifyPlanYearlySelected': False}
[2025-06-30 10:38:56] Starting global placeholder replacement...
[2025-06-30 10:38:56] Total runs to process: 79
[2025-06-30 10:38:56] Looking for placeholder: XXX1 (value: 'TESTDOC')
[2025-06-30 10:38:56] Total replacements made for XXX1: 0
[2025-06-30 10:38:56] Looking for placeholder: XXX2 (value: 'test')
[2025-06-30 10:38:56] Found potential match in run: 'XXX2'
[2025-06-30 10:38:56] ✅ Replaced XXX2 with 'test': 'XXX2' → 'test'
[2025-06-30 10:38:56] Total replacements made for XXX2: 1
[2025-06-30 10:38:56] Looking for placeholder: XXX3 (value: 'achrafbayi@icloud.com')
[2025-06-30 10:38:56] Found potential match in run: 'XXX3'
[2025-06-30 10:38:56] ✅ Replaced XXX3 with 'achrafbayi@icloud.com': 'XXX3' → 'achrafbayi@icloud.com'
[2025-06-30 10:38:56] Total replacements made for XXX3: 1
[2025-06-30 10:38:56] Looking for placeholder: XXX4 (value: 'TsT')
[2025-06-30 10:38:56] Total replacements made for XXX4: 0
[2025-06-30 10:38:56] Looking for placeholder: XXX5 (value: '887459')
[2025-06-30 10:38:56] Total replacements made for XXX5: 0
[2025-06-30 10:38:56] Looking for placeholder: XXX7 (value: '')
[2025-06-30 10:38:56] Total replacements made for XXX7: 0
[2025-06-30 10:38:56] Looking for placeholder: XXX8 (value: '')
[2025-06-30 10:38:56] Total replacements made for XXX8: 0
[2025-06-30 10:38:56] Looking for placeholder: XXX9 (value: '')
[2025-06-30 10:38:56] Total replacements made for XXX9: 0
[2025-06-30 10:38:56] Looking for placeholder: XXX10 (value: 'NON')
[2025-06-30 10:38:56] Total replacements made for XXX10: 0
[2025-06-30 10:38:56] Looking for placeholder: XXX11 (value: 'NON')
[2025-06-30 10:38:56] Total replacements made for XXX11: 0
[2025-06-30 10:38:56] Looking for placeholder: XXX12 (value: 'NON')
[2025-06-30 10:38:56] Total replacements made for XXX12: 0
[2025-06-30 10:38:56] Looking for placeholder: XXX13 (value: 'Jhon Doe')
[2025-06-30 10:38:56] Total replacements made for XXX13: 0
[2025-06-30 10:38:56] Looking for placeholder: XXX14 (value: '2025/09/09')
[2025-06-30 10:38:56] Total replacements made for XXX14: 0
[2025-06-30 10:38:56] Looking for placeholder: COMPTENUM (value: '887459')
[2025-06-30 10:38:56] Total replacements made for COMPTENUM: 0
[2025-06-30 10:38:56] Starting strikethrough application...
[2025-06-30 10:38:56] Document processing completed successfully
