[2025-08-01 19:49:44] Script started
[2025-08-01 19:49:44] Template path: /Users/achrafbayi/Desktop/Data processing alternative/Code/backend/src/services/DocxAModifier/FICHE PROJET_ CLIENT _ PROJET _ COMPTENUM _Démarrage Projet.docx
[2025-08-01 19:49:44] Output path: /Users/achrafbayi/Desktop/Data processing alternative/Code/backend/src/services/DocxAModifier/PROCESSED_FICHE PROJET_ Omerta48 _ Omerta48 _ 213224 _Démarrage Projet.docx
[2025-08-01 19:49:44] Encoded data length: 880 characters
[2025-08-01 19:49:44] Decoding base64 data...
[2025-08-01 19:49:44] Successfully decoded base64 data
[2025-08-01 19:49:44] [DEBUG] Type of shop_data_string after decode: <class 'str'>
[2025-08-01 19:49:44] [DEBUG] First 100 chars of shop_data_string: {"nomProjet":"Omerta48","typeProjet":"shop","contactsClient":"achrafbayi@icloud.com","nomClient":"Om...
[2025-08-01 19:49:44] Parsing JSON data...
[2025-08-01 19:49:44] Successfully parsed JSON data
[2025-08-01 19:49:44] [DEBUG] Type of shop_data after json.loads: <class 'dict'>
[2025-08-01 19:49:44] [DEBUG] shop_data keys: ['nomProjet', 'typeProjet', 'contactsClient', 'nomClient', 'compteClientRef', 'dateMiseEnLigne', 'dateCommercialisation', 'dateSortieOfficielle', 'precommande', 'dedicaceEnvisagee', 'estBoutiqueEnLigne', 'chefProjet', 'demarrageProjet', 'pourcentageSNA', 'dateMiseEnLigneDDMMYYYY', 'typeAbonnementShopify', 'moduleMondialRelay', 'moduleDelivengo', 'commercial', 'clientName', 'raisonSociale', 'shopifyPlanMonthlySelected', 'shopifyPlanYearlySelected']
[2025-08-01 19:49:44] Starting document processing...
[2025-08-01 19:49:44] Starting document processing for: /Users/achrafbayi/Desktop/Data processing alternative/Code/backend/src/services/DocxAModifier/FICHE PROJET_ CLIENT _ PROJET _ COMPTENUM _Démarrage Projet.docx
[2025-08-01 19:49:44] Output will be saved to: /Users/achrafbayi/Desktop/Data processing alternative/Code/backend/src/services/DocxAModifier/PROCESSED_FICHE PROJET_ Omerta48 _ Omerta48 _ 213224 _Démarrage Projet.docx
[2025-08-01 19:49:44] Successfully loaded document: /Users/achrafbayi/Desktop/Data processing alternative/Code/backend/src/services/DocxAModifier/FICHE PROJET_ CLIENT _ PROJET _ COMPTENUM _Démarrage Projet.docx
[2025-08-01 19:49:44] [DEBUG - Inside replace_placeholders_and_format] Type of shop_data: <class 'dict'>
[2025-08-01 19:49:44] [DEBUG - Inside replace_placeholders_and_format] Content of shop_data: {'nomProjet': 'Omerta48', 'typeProjet': 'shop', 'contactsClient': 'achrafbayi@icloud.com', 'nomClient': 'Omerta48', 'compteClientRef': '213224', 'dateMiseEnLigne': '2025/08/01', 'dateCommercialisation': '2025/08/02', 'dateSortieOfficielle': '2025/08/03', 'precommande': 'OUI', 'dedicaceEnvisagee': 'NON', 'estBoutiqueEnLigne': 'OUI', 'chefProjet': 'Elie Yaffa', 'demarrageProjet': '2025/08/01', 'pourcentageSNA': 48, 'dateMiseEnLigneDDMMYYYY': '01/08/2025', 'typeAbonnementShopify': 'annuel', 'moduleMondialRelay': True, 'moduleDelivengo': False, 'commercial': 'Achraf', 'clientName': '213224_OMERTA48', 'raisonSociale': 'Omerta48', 'shopifyPlanMonthlySelected': False, 'shopifyPlanYearlySelected': True}
[2025-08-01 19:49:44] Starting global placeholder replacement...
[2025-08-01 19:49:44] Total runs to process: 91
[2025-08-01 19:49:44] Runs with non-empty text: 78
[2025-08-01 19:49:44] Run 0: 'FICHE DE SUIVI PROJET D2C'
[2025-08-01 19:49:44] Run 1: 'Projet'
[2025-08-01 19:49:44] Run 2: ' :  '
[2025-08-01 19:49:44] Run 3: 'Type de Projet'
[2025-08-01 19:49:44] Run 4: ' :  '
[2025-08-01 19:49:44] Run 5: 'XXX2'
[2025-08-01 19:49:44] Run 6: 'Boutique en ligne'
[2025-08-01 19:49:44] Run 7: ' : '
[2025-08-01 19:49:44] Run 8: 'Commercial'
[2025-08-01 19:49:44] Run 9: ' : '
[2025-08-01 19:49:44] Looking for placeholder: XXX1 (value: 'Omerta48')
[2025-08-01 19:49:44] Total replacements made for XXX1: 0
[2025-08-01 19:49:44] Looking for placeholder: XXX2 (value: 'shop')
[2025-08-01 19:49:44] ✅ (run exact) Replaced XXX2 with 'shop': 'XXX2' → 'shop'
[2025-08-01 19:49:44] Total replacements made for XXX2: 1
[2025-08-01 19:49:44] Looking for placeholder: XXX3 (value: 'Achraf')
[2025-08-01 19:49:44] ✅ (run exact) Replaced XXX3 with 'Achraf': 'XXX3' → 'Achraf'
[2025-08-01 19:49:44] Total replacements made for XXX3: 1
[2025-08-01 19:49:44] Looking for placeholder: XXX4 (value: 'Omerta48')
[2025-08-01 19:49:44] Total replacements made for XXX4: 0
[2025-08-01 19:49:44] Looking for placeholder: XXX5 (value: '213224')
[2025-08-01 19:49:44] Total replacements made for XXX5: 0
[2025-08-01 19:49:44] Looking for placeholder: XXX7 (value: '2025/08/01')
[2025-08-01 19:49:44] Total replacements made for XXX7: 0
[2025-08-01 19:49:44] Looking for placeholder: XXX8 (value: '2025/08/02')
[2025-08-01 19:49:44] Total replacements made for XXX8: 0
[2025-08-01 19:49:44] Looking for placeholder: XXX9 (value: '2025/08/03')
[2025-08-01 19:49:44] Total replacements made for XXX9: 0
[2025-08-01 19:49:44] Looking for placeholder: XXX10 (value: 'OUI')
[2025-08-01 19:49:44] Total replacements made for XXX10: 0
[2025-08-01 19:49:44] Looking for placeholder: XXX11 (value: 'NON')
[2025-08-01 19:49:44] Total replacements made for XXX11: 0
[2025-08-01 19:49:44] Looking for placeholder: XXX12 (value: 'OUI')
[2025-08-01 19:49:44] Total replacements made for XXX12: 0
[2025-08-01 19:49:44] Looking for placeholder: XXX13 (value: 'Elie Yaffa')
[2025-08-01 19:49:44] Total replacements made for XXX13: 0
[2025-08-01 19:49:44] Looking for placeholder: XXX14 (value: '2025/08/01')
[2025-08-01 19:49:44] Total replacements made for XXX14: 0
[2025-08-01 19:49:44] Looking for placeholder: XXX15 (value: 'achrafbayi@icloud.com')
[2025-08-01 19:49:44] Total replacements made for XXX15: 0
[2025-08-01 19:49:44] Looking for placeholder: XXX69 (value: '48')
[2025-08-01 19:49:44] ✅ (run exact) Replaced XXX69 with '48': 'XXX69' → '48'
[2025-08-01 19:49:44] Total replacements made for XXX69: 1
[2025-08-01 19:49:44] Looking for placeholder: COMPTENUM (value: '213224')
[2025-08-01 19:49:44] Total replacements made for COMPTENUM: 0
[2025-08-01 19:49:44] Attempting direct paragraph text replacement...
[2025-08-01 19:49:44] Attempting direct table cell text replacement...
[2025-08-01 19:49:44] Found XXX7 in table cell: 'Date Mise en Ligne (MEL) : XXX7'
[2025-08-01 19:49:44] ✅ Replaced in table cell: 'Date Mise en Ligne (MEL) : XXX7' → 'Date Mise en Ligne (MEL) : 2025/08/01'
[2025-08-01 19:49:44] Found XXX9 in table cell: 'Date Sortie Officielle : XXX9'
[2025-08-01 19:49:44] ✅ Replaced in table cell: 'Date Sortie Officielle : XXX9' → 'Date Sortie Officielle : 2025/08/03'
[2025-08-01 19:49:44] Found XXX1 in table cell: 'Dédicace : XXX11'
[2025-08-01 19:49:44] ✅ Replaced in table cell: 'Dédicace : XXX11' → 'Dédicace : Omerta481'
[2025-08-01 19:49:44] Found XXX11 in table cell: 'Dédicace : XXX11'
[2025-08-01 19:49:44] ✅ Replaced in table cell: 'Dédicace : XXX11' → 'Dédicace : NON'
[2025-08-01 19:49:44] Found XXX1 in table cell: 'DÉMARRAGE DU PROJET :  XXX14	'
[2025-08-01 19:49:44] ✅ Replaced in table cell: 'DÉMARRAGE DU PROJET :  XXX14	' → 'DÉMARRAGE DU PROJET :  Omerta484	'
[2025-08-01 19:49:44] Found XXX14 in table cell: 'DÉMARRAGE DU PROJET :  XXX14	'
[2025-08-01 19:49:44] ✅ Replaced in table cell: 'DÉMARRAGE DU PROJET :  XXX14	' → 'DÉMARRAGE DU PROJET :  2025/08/01	'
[2025-08-01 19:49:44] Found XXX1 in table cell: 'DÉMARRAGE DU PROJET XXX14	'
[2025-08-01 19:49:44] ✅ Replaced in table cell: 'DÉMARRAGE DU PROJET XXX14	' → 'DÉMARRAGE DU PROJET Omerta484	'
[2025-08-01 19:49:44] Found XXX14 in table cell: 'DÉMARRAGE DU PROJET XXX14	'
[2025-08-01 19:49:44] ✅ Replaced in table cell: 'DÉMARRAGE DU PROJET XXX14	' → 'DÉMARRAGE DU PROJET 2025/08/01	'
[2025-08-01 19:49:44] Starting strikethrough application...
[2025-08-01 19:49:44] [XML] Replaced XXX10 -> 'OUI' (1 occurrence(s)) in word/document.xml
[2025-08-01 19:49:44] [XML] Replaced XXX12 -> 'OUI' (1 occurrence(s)) in word/document.xml
[2025-08-01 19:49:44] [XML] Replaced XXX13 -> 'Elie Yaffa' (1 occurrence(s)) in word/document.xml
[2025-08-01 19:49:44] [XML] Replaced XXX15 -> 'achrafbayi@icloud.com' (1 occurrence(s)) in word/document.xml
[2025-08-01 19:49:44] [XML] Replaced XXX1 -> 'Omerta48' (1 occurrence(s)) in word/document.xml
[2025-08-01 19:49:44] [XML] Replaced XXX4 -> 'Omerta48' (1 occurrence(s)) in word/document.xml
[2025-08-01 19:49:44] [XML] Replaced XXX5 -> '213224' (1 occurrence(s)) in word/document.xml
[2025-08-01 19:49:44] [XML] Replaced XXX8 -> '2025/08/02' (1 occurrence(s)) in word/document.xml
[2025-08-01 19:49:44] XML-level placeholder replacement completed.
[2025-08-01 19:49:44] Document processing completed successfully
[2025-08-01 19:49:44] Document processing completed successfully
