[2025-06-26 17:24:02] Script started
[2025-06-26 17:24:02] Template path: /Users/achrafbayi/Desktop/Data processing alternative/Code/backend/src/services/DocxAModifier/FICHE PROJET_ CLIENT _ PROJET _ 20250619 _Démarrage Projet.docx
[2025-06-26 17:24:02] Output path: /Users/achrafbayi/Desktop/Data processing alternative/Code/backend/src/services/DocxAModifier/PROCESSED_FICHE PROJET_ TsT _ Serious _ 20250626 _Démarrage Projet.docx
[2025-06-26 17:24:02] Encoded data length: 644 characters
[2025-06-26 17:24:02] Decoding base64 data...
[2025-06-26 17:24:02] Successfully decoded base64 data
[2025-06-26 17:24:02] [DEBUG] Type of shop_data_string after decode: <class 'str'>
[2025-06-26 17:24:02] [DEBUG] First 100 chars of shop_data_string: {"nomProjet":"Serious","typeProjet":"Shop","commercial":"Achraf","clientName":"887459_TST","raisonSo...
[2025-06-26 17:24:02] Parsing JSON data...
[2025-06-26 17:24:02] Successfully parsed JSON data
[2025-06-26 17:24:02] [DEBUG] Type of shop_data after json.loads: <class 'dict'>
[2025-06-26 17:24:02] [DEBUG] shop_data keys: ['nomProjet', 'typeProjet', 'commercial', 'clientName', 'raisonSociale', 'compteClientRef', 'contactsClient', 'dateMiseEnLigne', 'dateCommercialisation', 'dateSortieOfficielle', 'precommande', 'dedicaceEnvisagee', 'shopifyPlanMonthlySelected', 'shopifyPlanYearlySelected', 'boutiqueEnLigne', 'chefProjet', 'dateDemarageProjet']
[2025-06-26 17:24:02] Starting document processing...
[2025-06-26 17:24:02] Starting document processing for: /Users/achrafbayi/Desktop/Data processing alternative/Code/backend/src/services/DocxAModifier/FICHE PROJET_ CLIENT _ PROJET _ 20250619 _Démarrage Projet.docx
[2025-06-26 17:24:02] Output will be saved to: /Users/achrafbayi/Desktop/Data processing alternative/Code/backend/src/services/DocxAModifier/PROCESSED_FICHE PROJET_ TsT _ Serious _ 20250626 _Démarrage Projet.docx
[2025-06-26 17:24:02] Failed to load document: Package not found at '/Users/achrafbayi/Desktop/Data processing alternative/Code/backend/src/services/DocxAModifier/FICHE PROJET_ CLIENT _ PROJET _ 20250619 _Démarrage Projet.docx'
[2025-06-26 17:24:02] Error processing document: Package not found at '/Users/achrafbayi/Desktop/Data processing alternative/Code/backend/src/services/DocxAModifier/FICHE PROJET_ CLIENT _ PROJET _ 20250619 _Démarrage Projet.docx'
[2025-06-26 17:24:02] Error type: PackageNotFoundError
[2025-06-26 17:24:02] Error args: ("Package not found at '/Users/achrafbayi/Desktop/Data processing alternative/Code/backend/src/services/DocxAModifier/FICHE PROJET_ CLIENT _ PROJET _ 20250619 _Démarrage Projet.docx'",)
[2025-06-26 17:24:02] Fatal error: Package not found at '/Users/achrafbayi/Desktop/Data processing alternative/Code/backend/src/services/DocxAModifier/FICHE PROJET_ CLIENT _ PROJET _ 20250619 _Démarrage Projet.docx'
