[2025-07-03 12:28:10] Merchandising XLSX processor script started
[2025-07-03 12:28:10] Template path: /Users/achrafbayi/Desktop/Data processing alternative/Code/backend/src/services/generated_docs/FICHES_PRODUITS_BBZ_1751538191490.xlsx
[2025-07-03 12:28:10] Output path: /Users/achrafbayi/Desktop/Data processing alternative/Code/backend/src/services/generated_docs/FICHES_PRODUITS_BBZ_1751538191490.xlsx
[2025-07-03 12:28:10] Decoding base64 data...
[2025-07-03 12:28:10] Successfully decoded base64 data
[2025-07-03 12:28:10] Parsing JSON data...
[2025-07-03 12:28:10] Successfully parsed JSON data
[2025-07-03 12:28:10] Starting merchandising XLSX processing...
[2025-07-03 12:28:10] Starting Merchandising XLSX processing for: /Users/achrafbayi/Desktop/Data processing alternative/Code/backend/src/services/generated_docs/FICHES_PRODUITS_BBZ_1751538191490.xlsx
[2025-07-03 12:28:10] Output will be saved to: /Users/achrafbayi/Desktop/Data processing alternative/Code/backend/src/services/generated_docs/FICHES_PRODUITS_BBZ_1751538191490.xlsx
[2025-07-03 12:28:10] Successfully loaded workbook: /Users/achrafbayi/Desktop/Data processing alternative/Code/backend/src/services/generated_docs/FICHES_PRODUITS_BBZ_1751538191490.xlsx
[2025-07-03 12:28:10] Shop data keys: ['nomProjet', 'shopifyDomain', 'dateCommercialisation', 'raisonSociale', 'products']
[2025-07-03 12:28:10] Found date-related field: 'dateCommercialisation' = '2025-06-05'
[2025-07-03 12:28:10] Found customer-related field: 'raisonSociale' = 'GZ'
[2025-07-03 12:28:10] Extracted dates - Sortie: '', Commercialisation: '2025-06-05'
[2025-07-03 12:28:10] Extracted raison sociale: 'GZ'
[2025-07-03 12:28:10] Combined dates field: 'COMMERCIALISATION (Merch): 2025-06-05'
[2025-07-03 12:28:10] Processing 1 products for shop: BBZ
[2025-07-03 12:28:10] Processing worksheet: Catalogue en ligne
[2025-07-03 12:28:10] Found size header row at row 4 with 5 size columns: {'XS': 6, 'S': 7, 'M': 8, 'L': 9, 'XL': 10}
[2025-07-03 12:28:10] Will start inserting product data at row: 5
[2025-07-03 12:28:10] Starting to add 1 products at row 5
[2025-07-03 12:28:10] Processing product 1/1: DocTest
[2025-07-03 12:28:10] Product 1 total stock: 210 from stock_dict: {'default': 210}
[2025-07-03 12:28:10] Product 1 size stocks: {'XS': 0, 'S': 0, 'M': 0, 'L': 0, 'XL': 0}
[2025-07-03 12:28:10] Product 1 colors: [] -> ''
[2025-07-03 12:28:10] Product 1 sizes: [] -> ''
[2025-07-03 12:28:10] Successfully added product 1 data at row 5: DocTest
[2025-07-03 12:28:10] Combined dates field content: 'COMMERCIALISATION (Merch): 2025-06-05'
[2025-07-03 12:28:10] Colors field content: ''
[2025-07-03 12:28:10] Sizes field content: ''
[2025-07-03 12:28:10] Data written: ['Phono', 'DocTest', 'Test Documentation pour les produits', '27149242', 210, 0, 0, 0, 0, 0, 670, 69.99, 'OUI', 'COMMERCIALISATION (Merch): 2025-06-05', 'GZ', '', '', '', '', '', '']
[2025-07-03 12:28:10] Finished processing all products. Final row: 5
[2025-07-03 12:28:10] Processing worksheet: POD
[2025-07-03 12:28:10] Could not find header rows - using default row 6 with safety buffer
[2025-07-03 12:28:10] Will start inserting product data at row: 6
[2025-07-03 12:28:10] Starting to add 1 products at row 6
[2025-07-03 12:28:10] Processing product 1/1: DocTest
[2025-07-03 12:28:10] Product 1 total stock: 210 from stock_dict: {'default': 210}
[2025-07-03 12:28:10] Product 1 size stocks: {'XS': 0, 'S': 0, 'M': 0, 'L': 0, 'XL': 0}
[2025-07-03 12:28:10] Product 1 colors: [] -> ''
[2025-07-03 12:28:10] Product 1 sizes: [] -> ''
[2025-07-03 12:28:10] Successfully added product 1 data at row 6: DocTest
[2025-07-03 12:28:10] Combined dates field content: 'COMMERCIALISATION (Merch): 2025-06-05'
[2025-07-03 12:28:10] Colors field content: ''
[2025-07-03 12:28:10] Sizes field content: ''
[2025-07-03 12:28:10] Data written: ['Phono', 'DocTest', 'Test Documentation pour les produits', '27149242', 210, 0, 0, 0, 0, 0, 670, 69.99, 'OUI', 'COMMERCIALISATION (Merch): 2025-06-05', 'GZ', '', '', '', '', '', '']
[2025-07-03 12:28:10] Finished processing all products. Final row: 6
[2025-07-03 12:28:10] Processing worksheet: Feuil1
[2025-07-03 12:28:10] Could not find header rows - using default row 6 with safety buffer
[2025-07-03 12:28:10] Will start inserting product data at row: 6
[2025-07-03 12:28:10] Starting to add 1 products at row 6
[2025-07-03 12:28:10] Processing product 1/1: DocTest
[2025-07-03 12:28:10] Product 1 total stock: 210 from stock_dict: {'default': 210}
[2025-07-03 12:28:10] Product 1 size stocks: {'XS': 0, 'S': 0, 'M': 0, 'L': 0, 'XL': 0}
[2025-07-03 12:28:10] Product 1 colors: [] -> ''
[2025-07-03 12:28:10] Product 1 sizes: [] -> ''
[2025-07-03 12:28:10] Successfully added product 1 data at row 6: DocTest
[2025-07-03 12:28:10] Combined dates field content: 'COMMERCIALISATION (Merch): 2025-06-05'
[2025-07-03 12:28:10] Colors field content: ''
[2025-07-03 12:28:10] Sizes field content: ''
[2025-07-03 12:28:10] Data written: ['Phono', 'DocTest', 'Test Documentation pour les produits', '27149242', 210, 0, 0, 0, 0, 0, 670, 69.99, 'OUI', 'COMMERCIALISATION (Merch): 2025-06-05', 'GZ', '', '', '', '', '', '']
[2025-07-03 12:28:10] Finished processing all products. Final row: 6
[2025-07-03 12:28:10] Processing worksheet: NE PAS MODIFIER
[2025-07-03 12:28:10] Could not find header rows - using default row 6 with safety buffer
[2025-07-03 12:28:10] Will start inserting product data at row: 6
[2025-07-03 12:28:10] Starting to add 1 products at row 6
[2025-07-03 12:28:10] Processing product 1/1: DocTest
[2025-07-03 12:28:10] Product 1 total stock: 210 from stock_dict: {'default': 210}
[2025-07-03 12:28:10] Product 1 size stocks: {'XS': 0, 'S': 0, 'M': 0, 'L': 0, 'XL': 0}
[2025-07-03 12:28:10] Product 1 colors: [] -> ''
[2025-07-03 12:28:10] Product 1 sizes: [] -> ''
[2025-07-03 12:28:10] Successfully added product 1 data at row 6: DocTest
[2025-07-03 12:28:10] Combined dates field content: 'COMMERCIALISATION (Merch): 2025-06-05'
[2025-07-03 12:28:10] Colors field content: ''
[2025-07-03 12:28:10] Sizes field content: ''
[2025-07-03 12:28:10] Data written: ['Phono', 'DocTest', 'Test Documentation pour les produits', '27149242', 210, 0, 0, 0, 0, 0, 670, 69.99, 'OUI', 'COMMERCIALISATION (Merch): 2025-06-05', 'GZ', '', '', '', '', '', '']
[2025-07-03 12:28:10] Finished processing all products. Final row: 6
[2025-07-03 12:28:10] Merchandising XLSX file saved to /Users/achrafbayi/Desktop/Data processing alternative/Code/backend/src/services/generated_docs/FICHES_PRODUITS_BBZ_1751538191490.xlsx
[2025-07-03 12:28:10] Merchandising XLSX processing completed successfully
