[2025-07-31 10:20:43] Merchandising XLSX processor script started
[2025-07-31 10:20:43] Template path: /Users/achrafbayi/Desktop/Data processing alternative/Code/backend/src/services/FichesProduitTemplate/FICHES.PRODUITS_SHOPIFY_CLIENT_PROJET.xlsx
[2025-07-31 10:20:43] Output path: /Users/achrafbayi/Desktop/Data processing alternative/Code/backend/src/services/FichesProduitTemplate/PROCESSED_FICHES.PRODUITS_SHOPIFY_TST_TEST_AMANDA.xlsx
[2025-07-31 10:20:43] Decoding base64 data...
[2025-07-31 10:20:43] Successfully decoded base64 data
[2025-07-31 10:20:43] Parsing JSON data...
[2025-07-31 10:20:43] Successfully parsed JSON data
[2025-07-31 10:20:43] Starting merchandising XLSX processing...
[2025-07-31 10:20:43] Starting Merchandising XLSX processing for: /Users/achrafbayi/Desktop/Data processing alternative/Code/backend/src/services/FichesProduitTemplate/FICHES.PRODUITS_SHOPIFY_CLIENT_PROJET.xlsx
[2025-07-31 10:20:43] Output will be saved to: /Users/achrafbayi/Desktop/Data processing alternative/Code/backend/src/services/FichesProduitTemplate/PROCESSED_FICHES.PRODUITS_SHOPIFY_TST_TEST_AMANDA.xlsx
[2025-07-31 10:20:43] Successfully loaded workbook: /Users/achrafbayi/Desktop/Data processing alternative/Code/backend/src/services/FichesProduitTemplate/FICHES.PRODUITS_SHOPIFY_CLIENT_PROJET.xlsx
[2025-07-31 10:20:43] Shop data keys: ['nomProjet', 'shopifyDomain', 'products']
[2025-07-31 10:20:43] Extracted dates - Sortie: '', Commercialisation: ''
[2025-07-31 10:20:43] Extracted raison sociale: ''
[2025-07-31 10:20:43] Combined dates field: ''
[2025-07-31 10:20:43] Processing 8 products for shop: Test_Amanda
[2025-07-31 10:20:43] Processing worksheet: Catalogue en ligne
[2025-07-31 10:20:43] Replaced 'CLIENT' with 'Test_Amanda' in cell A2
[2025-07-31 10:20:43] Replaced 'nomProjet' with 'Test_Amanda' in cell B2
[2025-07-31 10:20:43] Replaced 'shopifyDomain' with 'test-amanda-store' in cell C2
[2025-07-31 10:20:43] Found size header row at row 4 with 5 size columns: {'XS': 6, 'S': 7, 'M': 8, 'L': 9, 'XL': 10}
[2025-07-31 10:20:43] Will start inserting product data at row: 5
[2025-07-31 10:20:43] Starting to add 8 products at row 5
[2025-07-31 10:20:43] Processing product 1/8: Tee White
[2025-07-31 10:20:43] Product 1 total stock: 1511 from stock_dict: {'XS-Noir': '321', 'S-Noir': 299, 'M-Noir': 298, 'L-Noir': 297, 'XL-Noir': 296}
[2025-07-31 10:20:43] Product 1 size stocks: {'XS': 321, 'S': 299, 'M': 298, 'L': 297, 'XL': 296}
[2025-07-31 10:20:43] Product 1 colors: ['Noir'] -> 'Noir'
[2025-07-31 10:20:43] Product 1 sizes: ['XS', 'S', 'M', 'L', 'XL'] -> 'XS, S, M, L, XL'
[2025-07-31 10:20:43] Product 1 images: 1 images -> '1. https://snagz.s3.eu-north-1.amazonaws.com/products/shop-6877a8dbd94f83fadc5ec607/product-6888d26d...'
[2025-07-31 10:20:43] Successfully added product 1 data at row 5: Tee White
[2025-07-31 10:20:43] Combined dates field content: ''
[2025-07-31 10:20:43] Colors field content: 'Noir'
[2025-07-31 10:20:43] Sizes field content: 'XS, S, M, L, XL'
[2025-07-31 10:20:43] Data written: ['POD', 'Tee White', 'ngai\n', '2421442142142', 1511, 321, 299, 298, 297, 296, 400, 19.99, 'NON', '', '', '', '', '', 'Noir', 'XS, S, M, L, XL', '1. https://snagz.s3.eu-north-1.amazonaws.com/products/shop-6877a8dbd94f83fadc5ec607/product-6888d26d4e81d882c94b51d4/1753806360430-fkbq9qawxx9.webp']
[2025-07-31 10:20:43] Processing product 2/8: BMF
[2025-07-31 10:20:43] Product 2 total stock: 1260 from stock_dict: {'S-Blanc': '1212', 'XS-Blanc': 12, 'M-Blanc': 12, 'L-Blanc': 12, 'XL-Blanc': 12}
[2025-07-31 10:20:43] Product 2 size stocks: {'XS': 12, 'S': 1212, 'M': 12, 'L': 12, 'XL': 12}
[2025-07-31 10:20:43] Product 2 colors: ['Blanc'] -> 'Blanc'
[2025-07-31 10:20:43] Product 2 sizes: ['S', 'XS', 'M', 'L', 'XL'] -> 'S, XS, M, L, XL'
[2025-07-31 10:20:43] Product 2 images: 5 images -> '1. https://snagz.s3.eu-north-1.amazonaws.com/products/shop-6877a8dbd94f83fadc5ec607/product-6888d66e...'
[2025-07-31 10:20:43] Successfully added product 2 data at row 6: BMF
[2025-07-31 10:20:43] Combined dates field content: ''
[2025-07-31 10:20:43] Colors field content: 'Blanc'
[2025-07-31 10:20:43] Sizes field content: 'S, XS, M, L, XL'
[2025-07-31 10:20:43] Data written: ['POD', 'BMF', 'test tee', '2112231333323', 1260, 12, 1212, 12, 12, 12, 300, 12, 'NON', '', '', '', '', '', 'Blanc', 'S, XS, M, L, XL', '1. https://snagz.s3.eu-north-1.amazonaws.com/products/shop-6877a8dbd94f83fadc5ec607/product-6888d66ef18d2bfdc70f57d3/1753894626376-blhxxo5tsfi.webp?X-Amz-Algorithm=AWS4-HMAC-SHA256&X-Amz-Content-Sha256=UNSIGNED-PAYLOAD&X-Amz-Credential=AKIAV6W3A5XC64ATEUWK%2F20250730%2Feu-north-1%2Fs3%2Faws4_request&X-Amz-Date=20250730T165719Z&X-Amz-Expires=3600&X-Amz-Signature=66032ffe2ccc4fa0ae2c8ef8330e65c66c47eeb8115a1829f9fe5856a2ecfdd3&X-Amz-SignedHeaders=host&x-amz-checksum-mode=ENABLED&x-id=GetObject\n2. https://snagz.s3.eu-north-1.amazonaws.com/products/shop-6877a8dbd94f83fadc5ec607/product-6888d66ef18d2bfdc70f57d3/1753894618510-mchxjbmfzcc.webp?X-Amz-Algorithm=AWS4-HMAC-SHA256&X-Amz-Content-Sha256=UNSIGNED-PAYLOAD&X-Amz-Credential=AKIAV6W3A5XC64ATEUWK%2F20250730%2Feu-north-1%2Fs3%2Faws4_request&X-Amz-Date=20250730T165719Z&X-Amz-Expires=3600&X-Amz-Signature=25ebec6351be0a4b02f479106c442e5fc958ea6e584dce857c1f6ca8997a6a75&X-Amz-SignedHeaders=host&x-amz-checksum-mode=ENABLED&x-id=GetObject\n3. https://snagz.s3.eu-north-1.amazonaws.com/products/shop-6877a8dbd94f83fadc5ec607/product-6888d66ef18d2bfdc70f57d3/1753894606215-ldwee1r13sk.webp?X-Amz-Algorithm=AWS4-HMAC-SHA256&X-Amz-Content-Sha256=UNSIGNED-PAYLOAD&X-Amz-Credential=AKIAV6W3A5XC64ATEUWK%2F20250730%2Feu-north-1%2Fs3%2Faws4_request&X-Amz-Date=20250730T165719Z&X-Amz-Expires=3600&X-Amz-Signature=8c5d14917fb6b6b68a4ce192467018f6d5c9c73eb0e9404d41a3947a3a146e86&X-Amz-SignedHeaders=host&x-amz-checksum-mode=ENABLED&x-id=GetObject\n4. https://snagz.s3.eu-north-1.amazonaws.com/products/shop-6877a8dbd94f83fadc5ec607/product-6888d66ef18d2bfdc70f57d3/1753894632219-pdfc2phtv5f.webp?X-Amz-Algorithm=AWS4-HMAC-SHA256&X-Amz-Content-Sha256=UNSIGNED-PAYLOAD&X-Amz-Credential=AKIAV6W3A5XC64ATEUWK%2F20250730%2Feu-north-1%2Fs3%2Faws4_request&X-Amz-Date=20250730T165719Z&X-Amz-Expires=3600&X-Amz-Signature=b8e84cfcdc77584ad324bc37f5b924f63dbb576120a718dd7417b3392c2abf26&X-Amz-SignedHeaders=host&x-amz-checksum-mode=ENABLED&x-id=GetObject\n5. https://snagz.s3.eu-north-1.amazonaws.com/products/shop-6877a8dbd94f83fadc5ec607/product-6888d66ef18d2bfdc70f57d3/1753894638968-xwhj1dpf7y.webp?X-Amz-Algorithm=AWS4-HMAC-SHA256&X-Amz-Content-Sha256=UNSIGNED-PAYLOAD&X-Amz-Credential=AKIAV6W3A5XC64ATEUWK%2F20250730%2Feu-north-1%2Fs3%2Faws4_request&X-Amz-Date=20250730T165719Z&X-Amz-Expires=3600&X-Amz-Signature=db0d8d9cf6cd4598a56a51eedf4d89956d655a659ce3b298b0d757ecb5371ab0&X-Amz-SignedHeaders=host&x-amz-checksum-mode=ENABLED&x-id=GetObject']
[2025-07-31 10:20:43] Processing product 3/8: TestUploadNewImages
[2025-07-31 10:20:43] Product 3 total stock: 200 from stock_dict: {'default': 200}
[2025-07-31 10:20:43] Product 3 size stocks: {'XS': 0, 'S': 0, 'M': 0, 'L': 0, 'XL': 0}
[2025-07-31 10:20:43] Product 3 colors: [] -> ''
[2025-07-31 10:20:43] Product 3 sizes: [] -> ''
[2025-07-31 10:20:43] Product 3 images: 0 images -> ''
[2025-07-31 10:20:43] Successfully added product 3 data at row 7: TestUploadNewImages
[2025-07-31 10:20:43] Combined dates field content: ''
[2025-07-31 10:20:43] Colors field content: ''
[2025-07-31 10:20:43] Sizes field content: ''
[2025-07-31 10:20:43] Data written: ['Phono', 'TestUploadNewImages', 'Testing new image upload', '1283428448142', 200, 0, 0, 0, 0, 0, 297, 12, 'OUI', '', '', '', '', '', '', '', '']
[2025-07-31 10:20:43] Processing product 4/8: ItemImage
[2025-07-31 10:20:43] Product 4 total stock: 213 from stock_dict: {'default': 213}
[2025-07-31 10:20:43] Product 4 size stocks: {'XS': 0, 'S': 0, 'M': 0, 'L': 0, 'XL': 0}
[2025-07-31 10:20:43] Product 4 colors: [] -> ''
[2025-07-31 10:20:43] Product 4 sizes: [] -> ''
[2025-07-31 10:20:43] Product 4 images: 0 images -> ''
[2025-07-31 10:20:43] Successfully added product 4 data at row 8: ItemImage
[2025-07-31 10:20:43] Combined dates field content: ''
[2025-07-31 10:20:43] Colors field content: ''
[2025-07-31 10:20:43] Sizes field content: ''
[2025-07-31 10:20:43] Data written: ['Phono', 'ItemImage', 'Testing', '2142844010824', 213, 0, 0, 0, 0, 0, 300, 300, 'OUI', '', '', '', '', '', '', '', '']
[2025-07-31 10:20:43] Processing product 5/8: Bin22
[2025-07-31 10:20:43] Product 5 total stock: 448370 from stock_dict: {'XS': 321, 'S': 4214, 'M': 421421, 'L': 22414}
[2025-07-31 10:20:43] Product 5 size stocks: {'XS': 321, 'S': 4214, 'M': 421421, 'L': 22414, 'XL': 0}
[2025-07-31 10:20:43] Product 5 colors: [] -> ''
[2025-07-31 10:20:43] Product 5 sizes: ['XS', 'S', 'M', 'L'] -> 'XS, S, M, L'
[2025-07-31 10:20:43] Product 5 images: 0 images -> ''
[2025-07-31 10:20:43] Successfully added product 5 data at row 9: Bin22
[2025-07-31 10:20:43] Combined dates field content: ''
[2025-07-31 10:20:43] Colors field content: ''
[2025-07-31 10:20:43] Sizes field content: 'XS, S, M, L'
[2025-07-31 10:20:43] Data written: ['Merch', 'Bin22', 'Testing', '4214214821498', 448370, 321, 4214, 421421, 22414, 0, 2131, 23, 'NON', '', '', '', '', '', '', 'XS, S, M, L', '']
[2025-07-31 10:20:43] Processing product 6/8: TestTestTest
[2025-07-31 10:20:43] Product 6 total stock: 231 from stock_dict: {'default': 231}
[2025-07-31 10:20:43] Product 6 size stocks: {'XS': 0, 'S': 0, 'M': 0, 'L': 0, 'XL': 0}
[2025-07-31 10:20:43] Product 6 colors: [] -> ''
[2025-07-31 10:20:43] Product 6 sizes: [] -> ''
[2025-07-31 10:20:43] Product 6 images: 0 images -> ''
[2025-07-31 10:20:43] Successfully added product 6 data at row 10: TestTestTest
[2025-07-31 10:20:43] Combined dates field content: ''
[2025-07-31 10:20:43] Colors field content: ''
[2025-07-31 10:20:43] Sizes field content: ''
[2025-07-31 10:20:43] Data written: ['Phono', 'TestTestTest', 'TestTestTestTestTest', '4124214215215', 231, 0, 0, 0, 0, 0, 400, 23, 'OUI', '', '', '', '', '', '', '', '']
[2025-07-31 10:20:43] Processing product 7/8: wqfqf
[2025-07-31 10:20:43] Product 7 total stock: 242142421 from stock_dict: {'default': 242142421}
[2025-07-31 10:20:43] Product 7 size stocks: {'XS': 0, 'S': 0, 'M': 0, 'L': 0, 'XL': 0}
[2025-07-31 10:20:43] Product 7 colors: [] -> ''
[2025-07-31 10:20:43] Product 7 sizes: [] -> ''
[2025-07-31 10:20:43] Product 7 images: 1 images -> '1. https://snagz.s3.eu-north-1.amazonaws.com/products/shop-6877a8dbd94f83fadc5ec607/product-6888e61d...'
[2025-07-31 10:20:43] Successfully added product 7 data at row 11: wqfqf
[2025-07-31 10:20:43] Combined dates field content: ''
[2025-07-31 10:20:43] Colors field content: ''
[2025-07-31 10:20:43] Sizes field content: ''
[2025-07-31 10:20:43] Data written: ['Phono', 'wqfqf', 'fwqwfqfwwqf', '4214214244214', 242142421, 0, 0, 0, 0, 0, 211, '312', 'OUI', '', '', '', '', '', '', '', '1. https://snagz.s3.eu-north-1.amazonaws.com/products/shop-6877a8dbd94f83fadc5ec607/product-6888e61dab6f261e104ff5f5/1753805782272-u7p267mtym.jpg']
[2025-07-31 10:20:43] Processing product 8/8: ff
[2025-07-31 10:20:43] Product 8 total stock: 41241231321312 from stock_dict: {'default': 41241231321312}
[2025-07-31 10:20:43] Product 8 size stocks: {'XS': 0, 'S': 0, 'M': 0, 'L': 0, 'XL': 0}
[2025-07-31 10:20:43] Product 8 colors: [] -> ''
[2025-07-31 10:20:43] Product 8 sizes: [] -> ''
[2025-07-31 10:20:43] Product 8 images: 4 images -> '1. https://snagz.s3.eu-north-1.amazonaws.com/products/shop-6877a8dbd94f83fadc5ec607/product-6888e6ae...'
[2025-07-31 10:20:43] Successfully added product 8 data at row 12: ff
[2025-07-31 10:20:43] Combined dates field content: ''
[2025-07-31 10:20:43] Colors field content: ''
[2025-07-31 10:20:43] Sizes field content: ''
[2025-07-31 10:20:43] Data written: ['Phono', 'ff', 'ebfebfeqbiuf32bi', '2414214412412', 41241231321312, 0, 0, 0, 0, 0, 24140, '32', 'OUI', '', '', '', '', '', '', '', '1. https://snagz.s3.eu-north-1.amazonaws.com/products/shop-6877a8dbd94f83fadc5ec607/product-6888e6ae6baef4de8632cc4c/1753802414906-4v0nfhjzmov.jpg\n2. https://snagz.s3.eu-north-1.amazonaws.com/products/shop-6877a8dbd94f83fadc5ec607/product-6888e6ae6baef4de8632cc4c/1753802414657-elupuddnxo.jpeg\n3. https://snagz.s3.eu-north-1.amazonaws.com/products/shop-6877a8dbd94f83fadc5ec607/product-6888e6ae6baef4de8632cc4c/1753802415053-gz0z7cmqx5c.jpeg\n4. https://snagz.s3.eu-north-1.amazonaws.com/products/shop-6877a8dbd94f83fadc5ec607/product-6888e6ae6baef4de8632cc4c/1753802415152-wkh2scck6qa.webp']
[2025-07-31 10:20:43] Finished processing all products. Final row: 12
[2025-07-31 10:20:43] Processing worksheet: POD
[2025-07-31 10:20:43] Could not find header rows - using default row 6 with safety buffer
[2025-07-31 10:20:43] Will start inserting product data at row: 6
[2025-07-31 10:20:43] Starting to add 8 products at row 6
[2025-07-31 10:20:43] Processing product 1/8: Tee White
[2025-07-31 10:20:43] Product 1 total stock: 1511 from stock_dict: {'XS-Noir': '321', 'S-Noir': 299, 'M-Noir': 298, 'L-Noir': 297, 'XL-Noir': 296}
[2025-07-31 10:20:43] Product 1 size stocks: {'XS': 321, 'S': 299, 'M': 298, 'L': 297, 'XL': 296}
[2025-07-31 10:20:43] Product 1 colors: ['Noir'] -> 'Noir'
[2025-07-31 10:20:43] Product 1 sizes: ['XS', 'S', 'M', 'L', 'XL'] -> 'XS, S, M, L, XL'
[2025-07-31 10:20:43] Product 1 images: 1 images -> '1. https://snagz.s3.eu-north-1.amazonaws.com/products/shop-6877a8dbd94f83fadc5ec607/product-6888d26d...'
[2025-07-31 10:20:43] Successfully added product 1 data at row 6: Tee White
[2025-07-31 10:20:43] Combined dates field content: ''
[2025-07-31 10:20:43] Colors field content: 'Noir'
[2025-07-31 10:20:43] Sizes field content: 'XS, S, M, L, XL'
[2025-07-31 10:20:43] Data written: ['POD', 'Tee White', 'ngai\n', '2421442142142', 1511, 321, 299, 298, 297, 296, 400, 19.99, 'NON', '', '', '', '', '', 'Noir', 'XS, S, M, L, XL', '1. https://snagz.s3.eu-north-1.amazonaws.com/products/shop-6877a8dbd94f83fadc5ec607/product-6888d26d4e81d882c94b51d4/1753806360430-fkbq9qawxx9.webp']
[2025-07-31 10:20:43] Processing product 2/8: BMF
[2025-07-31 10:20:43] Product 2 total stock: 1260 from stock_dict: {'S-Blanc': '1212', 'XS-Blanc': 12, 'M-Blanc': 12, 'L-Blanc': 12, 'XL-Blanc': 12}
[2025-07-31 10:20:43] Product 2 size stocks: {'XS': 12, 'S': 1212, 'M': 12, 'L': 12, 'XL': 12}
[2025-07-31 10:20:43] Product 2 colors: ['Blanc'] -> 'Blanc'
[2025-07-31 10:20:43] Product 2 sizes: ['S', 'XS', 'M', 'L', 'XL'] -> 'S, XS, M, L, XL'
[2025-07-31 10:20:43] Product 2 images: 5 images -> '1. https://snagz.s3.eu-north-1.amazonaws.com/products/shop-6877a8dbd94f83fadc5ec607/product-6888d66e...'
[2025-07-31 10:20:43] Successfully added product 2 data at row 7: BMF
[2025-07-31 10:20:43] Combined dates field content: ''
[2025-07-31 10:20:43] Colors field content: 'Blanc'
[2025-07-31 10:20:43] Sizes field content: 'S, XS, M, L, XL'
[2025-07-31 10:20:43] Data written: ['POD', 'BMF', 'test tee', '2112231333323', 1260, 12, 1212, 12, 12, 12, 300, 12, 'NON', '', '', '', '', '', 'Blanc', 'S, XS, M, L, XL', '1. https://snagz.s3.eu-north-1.amazonaws.com/products/shop-6877a8dbd94f83fadc5ec607/product-6888d66ef18d2bfdc70f57d3/1753894626376-blhxxo5tsfi.webp?X-Amz-Algorithm=AWS4-HMAC-SHA256&X-Amz-Content-Sha256=UNSIGNED-PAYLOAD&X-Amz-Credential=AKIAV6W3A5XC64ATEUWK%2F20250730%2Feu-north-1%2Fs3%2Faws4_request&X-Amz-Date=20250730T165719Z&X-Amz-Expires=3600&X-Amz-Signature=66032ffe2ccc4fa0ae2c8ef8330e65c66c47eeb8115a1829f9fe5856a2ecfdd3&X-Amz-SignedHeaders=host&x-amz-checksum-mode=ENABLED&x-id=GetObject\n2. https://snagz.s3.eu-north-1.amazonaws.com/products/shop-6877a8dbd94f83fadc5ec607/product-6888d66ef18d2bfdc70f57d3/1753894618510-mchxjbmfzcc.webp?X-Amz-Algorithm=AWS4-HMAC-SHA256&X-Amz-Content-Sha256=UNSIGNED-PAYLOAD&X-Amz-Credential=AKIAV6W3A5XC64ATEUWK%2F20250730%2Feu-north-1%2Fs3%2Faws4_request&X-Amz-Date=20250730T165719Z&X-Amz-Expires=3600&X-Amz-Signature=25ebec6351be0a4b02f479106c442e5fc958ea6e584dce857c1f6ca8997a6a75&X-Amz-SignedHeaders=host&x-amz-checksum-mode=ENABLED&x-id=GetObject\n3. https://snagz.s3.eu-north-1.amazonaws.com/products/shop-6877a8dbd94f83fadc5ec607/product-6888d66ef18d2bfdc70f57d3/1753894606215-ldwee1r13sk.webp?X-Amz-Algorithm=AWS4-HMAC-SHA256&X-Amz-Content-Sha256=UNSIGNED-PAYLOAD&X-Amz-Credential=AKIAV6W3A5XC64ATEUWK%2F20250730%2Feu-north-1%2Fs3%2Faws4_request&X-Amz-Date=20250730T165719Z&X-Amz-Expires=3600&X-Amz-Signature=8c5d14917fb6b6b68a4ce192467018f6d5c9c73eb0e9404d41a3947a3a146e86&X-Amz-SignedHeaders=host&x-amz-checksum-mode=ENABLED&x-id=GetObject\n4. https://snagz.s3.eu-north-1.amazonaws.com/products/shop-6877a8dbd94f83fadc5ec607/product-6888d66ef18d2bfdc70f57d3/1753894632219-pdfc2phtv5f.webp?X-Amz-Algorithm=AWS4-HMAC-SHA256&X-Amz-Content-Sha256=UNSIGNED-PAYLOAD&X-Amz-Credential=AKIAV6W3A5XC64ATEUWK%2F20250730%2Feu-north-1%2Fs3%2Faws4_request&X-Amz-Date=20250730T165719Z&X-Amz-Expires=3600&X-Amz-Signature=b8e84cfcdc77584ad324bc37f5b924f63dbb576120a718dd7417b3392c2abf26&X-Amz-SignedHeaders=host&x-amz-checksum-mode=ENABLED&x-id=GetObject\n5. https://snagz.s3.eu-north-1.amazonaws.com/products/shop-6877a8dbd94f83fadc5ec607/product-6888d66ef18d2bfdc70f57d3/1753894638968-xwhj1dpf7y.webp?X-Amz-Algorithm=AWS4-HMAC-SHA256&X-Amz-Content-Sha256=UNSIGNED-PAYLOAD&X-Amz-Credential=AKIAV6W3A5XC64ATEUWK%2F20250730%2Feu-north-1%2Fs3%2Faws4_request&X-Amz-Date=20250730T165719Z&X-Amz-Expires=3600&X-Amz-Signature=db0d8d9cf6cd4598a56a51eedf4d89956d655a659ce3b298b0d757ecb5371ab0&X-Amz-SignedHeaders=host&x-amz-checksum-mode=ENABLED&x-id=GetObject']
[2025-07-31 10:20:43] Processing product 3/8: TestUploadNewImages
[2025-07-31 10:20:43] Product 3 total stock: 200 from stock_dict: {'default': 200}
[2025-07-31 10:20:43] Product 3 size stocks: {'XS': 0, 'S': 0, 'M': 0, 'L': 0, 'XL': 0}
[2025-07-31 10:20:43] Product 3 colors: [] -> ''
[2025-07-31 10:20:43] Product 3 sizes: [] -> ''
[2025-07-31 10:20:43] Product 3 images: 0 images -> ''
[2025-07-31 10:20:43] Successfully added product 3 data at row 8: TestUploadNewImages
[2025-07-31 10:20:43] Combined dates field content: ''
[2025-07-31 10:20:43] Colors field content: ''
[2025-07-31 10:20:43] Sizes field content: ''
[2025-07-31 10:20:43] Data written: ['Phono', 'TestUploadNewImages', 'Testing new image upload', '1283428448142', 200, 0, 0, 0, 0, 0, 297, 12, 'OUI', '', '', '', '', '', '', '', '']
[2025-07-31 10:20:43] Processing product 4/8: ItemImage
[2025-07-31 10:20:43] Product 4 total stock: 213 from stock_dict: {'default': 213}
[2025-07-31 10:20:43] Product 4 size stocks: {'XS': 0, 'S': 0, 'M': 0, 'L': 0, 'XL': 0}
[2025-07-31 10:20:43] Product 4 colors: [] -> ''
[2025-07-31 10:20:43] Product 4 sizes: [] -> ''
[2025-07-31 10:20:43] Product 4 images: 0 images -> ''
[2025-07-31 10:20:43] Successfully added product 4 data at row 9: ItemImage
[2025-07-31 10:20:43] Combined dates field content: ''
[2025-07-31 10:20:43] Colors field content: ''
[2025-07-31 10:20:43] Sizes field content: ''
[2025-07-31 10:20:43] Data written: ['Phono', 'ItemImage', 'Testing', '2142844010824', 213, 0, 0, 0, 0, 0, 300, 300, 'OUI', '', '', '', '', '', '', '', '']
[2025-07-31 10:20:43] Processing product 5/8: Bin22
[2025-07-31 10:20:43] Product 5 total stock: 448370 from stock_dict: {'XS': 321, 'S': 4214, 'M': 421421, 'L': 22414}
[2025-07-31 10:20:43] Product 5 size stocks: {'XS': 321, 'S': 4214, 'M': 421421, 'L': 22414, 'XL': 0}
[2025-07-31 10:20:43] Product 5 colors: [] -> ''
[2025-07-31 10:20:43] Product 5 sizes: ['XS', 'S', 'M', 'L'] -> 'XS, S, M, L'
[2025-07-31 10:20:43] Product 5 images: 0 images -> ''
[2025-07-31 10:20:43] Successfully added product 5 data at row 10: Bin22
[2025-07-31 10:20:43] Combined dates field content: ''
[2025-07-31 10:20:43] Colors field content: ''
[2025-07-31 10:20:43] Sizes field content: 'XS, S, M, L'
[2025-07-31 10:20:43] Data written: ['Merch', 'Bin22', 'Testing', '4214214821498', 448370, 321, 4214, 421421, 22414, 0, 2131, 23, 'NON', '', '', '', '', '', '', 'XS, S, M, L', '']
[2025-07-31 10:20:43] Processing product 6/8: TestTestTest
[2025-07-31 10:20:43] Product 6 total stock: 231 from stock_dict: {'default': 231}
[2025-07-31 10:20:43] Product 6 size stocks: {'XS': 0, 'S': 0, 'M': 0, 'L': 0, 'XL': 0}
[2025-07-31 10:20:43] Product 6 colors: [] -> ''
[2025-07-31 10:20:43] Product 6 sizes: [] -> ''
[2025-07-31 10:20:43] Product 6 images: 0 images -> ''
[2025-07-31 10:20:43] Successfully added product 6 data at row 11: TestTestTest
[2025-07-31 10:20:43] Combined dates field content: ''
[2025-07-31 10:20:43] Colors field content: ''
[2025-07-31 10:20:43] Sizes field content: ''
[2025-07-31 10:20:43] Data written: ['Phono', 'TestTestTest', 'TestTestTestTestTest', '4124214215215', 231, 0, 0, 0, 0, 0, 400, 23, 'OUI', '', '', '', '', '', '', '', '']
[2025-07-31 10:20:43] Processing product 7/8: wqfqf
[2025-07-31 10:20:43] Product 7 total stock: 242142421 from stock_dict: {'default': 242142421}
[2025-07-31 10:20:43] Product 7 size stocks: {'XS': 0, 'S': 0, 'M': 0, 'L': 0, 'XL': 0}
[2025-07-31 10:20:43] Product 7 colors: [] -> ''
[2025-07-31 10:20:43] Product 7 sizes: [] -> ''
[2025-07-31 10:20:43] Product 7 images: 1 images -> '1. https://snagz.s3.eu-north-1.amazonaws.com/products/shop-6877a8dbd94f83fadc5ec607/product-6888e61d...'
[2025-07-31 10:20:43] Successfully added product 7 data at row 12: wqfqf
[2025-07-31 10:20:43] Combined dates field content: ''
[2025-07-31 10:20:43] Colors field content: ''
[2025-07-31 10:20:43] Sizes field content: ''
[2025-07-31 10:20:43] Data written: ['Phono', 'wqfqf', 'fwqwfqfwwqf', '4214214244214', 242142421, 0, 0, 0, 0, 0, 211, '312', 'OUI', '', '', '', '', '', '', '', '1. https://snagz.s3.eu-north-1.amazonaws.com/products/shop-6877a8dbd94f83fadc5ec607/product-6888e61dab6f261e104ff5f5/1753805782272-u7p267mtym.jpg']
[2025-07-31 10:20:43] Processing product 8/8: ff
[2025-07-31 10:20:43] Product 8 total stock: 41241231321312 from stock_dict: {'default': 41241231321312}
[2025-07-31 10:20:43] Product 8 size stocks: {'XS': 0, 'S': 0, 'M': 0, 'L': 0, 'XL': 0}
[2025-07-31 10:20:43] Product 8 colors: [] -> ''
[2025-07-31 10:20:43] Product 8 sizes: [] -> ''
[2025-07-31 10:20:43] Product 8 images: 4 images -> '1. https://snagz.s3.eu-north-1.amazonaws.com/products/shop-6877a8dbd94f83fadc5ec607/product-6888e6ae...'
[2025-07-31 10:20:43] Successfully added product 8 data at row 13: ff
[2025-07-31 10:20:43] Combined dates field content: ''
[2025-07-31 10:20:43] Colors field content: ''
[2025-07-31 10:20:43] Sizes field content: ''
[2025-07-31 10:20:43] Data written: ['Phono', 'ff', 'ebfebfeqbiuf32bi', '2414214412412', 41241231321312, 0, 0, 0, 0, 0, 24140, '32', 'OUI', '', '', '', '', '', '', '', '1. https://snagz.s3.eu-north-1.amazonaws.com/products/shop-6877a8dbd94f83fadc5ec607/product-6888e6ae6baef4de8632cc4c/1753802414906-4v0nfhjzmov.jpg\n2. https://snagz.s3.eu-north-1.amazonaws.com/products/shop-6877a8dbd94f83fadc5ec607/product-6888e6ae6baef4de8632cc4c/1753802414657-elupuddnxo.jpeg\n3. https://snagz.s3.eu-north-1.amazonaws.com/products/shop-6877a8dbd94f83fadc5ec607/product-6888e6ae6baef4de8632cc4c/1753802415053-gz0z7cmqx5c.jpeg\n4. https://snagz.s3.eu-north-1.amazonaws.com/products/shop-6877a8dbd94f83fadc5ec607/product-6888e6ae6baef4de8632cc4c/1753802415152-wkh2scck6qa.webp']
[2025-07-31 10:20:43] Finished processing all products. Final row: 13
[2025-07-31 10:20:43] Processing worksheet: Feuil1
[2025-07-31 10:20:43] Could not find header rows - using default row 6 with safety buffer
[2025-07-31 10:20:43] Will start inserting product data at row: 6
[2025-07-31 10:20:43] Starting to add 8 products at row 6
[2025-07-31 10:20:43] Processing product 1/8: Tee White
[2025-07-31 10:20:43] Product 1 total stock: 1511 from stock_dict: {'XS-Noir': '321', 'S-Noir': 299, 'M-Noir': 298, 'L-Noir': 297, 'XL-Noir': 296}
[2025-07-31 10:20:43] Product 1 size stocks: {'XS': 321, 'S': 299, 'M': 298, 'L': 297, 'XL': 296}
[2025-07-31 10:20:43] Product 1 colors: ['Noir'] -> 'Noir'
[2025-07-31 10:20:43] Product 1 sizes: ['XS', 'S', 'M', 'L', 'XL'] -> 'XS, S, M, L, XL'
[2025-07-31 10:20:43] Product 1 images: 1 images -> '1. https://snagz.s3.eu-north-1.amazonaws.com/products/shop-6877a8dbd94f83fadc5ec607/product-6888d26d...'
[2025-07-31 10:20:43] Successfully added product 1 data at row 6: Tee White
[2025-07-31 10:20:43] Combined dates field content: ''
[2025-07-31 10:20:43] Colors field content: 'Noir'
[2025-07-31 10:20:43] Sizes field content: 'XS, S, M, L, XL'
[2025-07-31 10:20:43] Data written: ['POD', 'Tee White', 'ngai\n', '2421442142142', 1511, 321, 299, 298, 297, 296, 400, 19.99, 'NON', '', '', '', '', '', 'Noir', 'XS, S, M, L, XL', '1. https://snagz.s3.eu-north-1.amazonaws.com/products/shop-6877a8dbd94f83fadc5ec607/product-6888d26d4e81d882c94b51d4/1753806360430-fkbq9qawxx9.webp']
[2025-07-31 10:20:43] Processing product 2/8: BMF
[2025-07-31 10:20:43] Product 2 total stock: 1260 from stock_dict: {'S-Blanc': '1212', 'XS-Blanc': 12, 'M-Blanc': 12, 'L-Blanc': 12, 'XL-Blanc': 12}
[2025-07-31 10:20:43] Product 2 size stocks: {'XS': 12, 'S': 1212, 'M': 12, 'L': 12, 'XL': 12}
[2025-07-31 10:20:43] Product 2 colors: ['Blanc'] -> 'Blanc'
[2025-07-31 10:20:43] Product 2 sizes: ['S', 'XS', 'M', 'L', 'XL'] -> 'S, XS, M, L, XL'
[2025-07-31 10:20:43] Product 2 images: 5 images -> '1. https://snagz.s3.eu-north-1.amazonaws.com/products/shop-6877a8dbd94f83fadc5ec607/product-6888d66e...'
[2025-07-31 10:20:43] Successfully added product 2 data at row 7: BMF
[2025-07-31 10:20:43] Combined dates field content: ''
[2025-07-31 10:20:43] Colors field content: 'Blanc'
[2025-07-31 10:20:43] Sizes field content: 'S, XS, M, L, XL'
[2025-07-31 10:20:43] Data written: ['POD', 'BMF', 'test tee', '2112231333323', 1260, 12, 1212, 12, 12, 12, 300, 12, 'NON', '', '', '', '', '', 'Blanc', 'S, XS, M, L, XL', '1. https://snagz.s3.eu-north-1.amazonaws.com/products/shop-6877a8dbd94f83fadc5ec607/product-6888d66ef18d2bfdc70f57d3/1753894626376-blhxxo5tsfi.webp?X-Amz-Algorithm=AWS4-HMAC-SHA256&X-Amz-Content-Sha256=UNSIGNED-PAYLOAD&X-Amz-Credential=AKIAV6W3A5XC64ATEUWK%2F20250730%2Feu-north-1%2Fs3%2Faws4_request&X-Amz-Date=20250730T165719Z&X-Amz-Expires=3600&X-Amz-Signature=66032ffe2ccc4fa0ae2c8ef8330e65c66c47eeb8115a1829f9fe5856a2ecfdd3&X-Amz-SignedHeaders=host&x-amz-checksum-mode=ENABLED&x-id=GetObject\n2. https://snagz.s3.eu-north-1.amazonaws.com/products/shop-6877a8dbd94f83fadc5ec607/product-6888d66ef18d2bfdc70f57d3/1753894618510-mchxjbmfzcc.webp?X-Amz-Algorithm=AWS4-HMAC-SHA256&X-Amz-Content-Sha256=UNSIGNED-PAYLOAD&X-Amz-Credential=AKIAV6W3A5XC64ATEUWK%2F20250730%2Feu-north-1%2Fs3%2Faws4_request&X-Amz-Date=20250730T165719Z&X-Amz-Expires=3600&X-Amz-Signature=25ebec6351be0a4b02f479106c442e5fc958ea6e584dce857c1f6ca8997a6a75&X-Amz-SignedHeaders=host&x-amz-checksum-mode=ENABLED&x-id=GetObject\n3. https://snagz.s3.eu-north-1.amazonaws.com/products/shop-6877a8dbd94f83fadc5ec607/product-6888d66ef18d2bfdc70f57d3/1753894606215-ldwee1r13sk.webp?X-Amz-Algorithm=AWS4-HMAC-SHA256&X-Amz-Content-Sha256=UNSIGNED-PAYLOAD&X-Amz-Credential=AKIAV6W3A5XC64ATEUWK%2F20250730%2Feu-north-1%2Fs3%2Faws4_request&X-Amz-Date=20250730T165719Z&X-Amz-Expires=3600&X-Amz-Signature=8c5d14917fb6b6b68a4ce192467018f6d5c9c73eb0e9404d41a3947a3a146e86&X-Amz-SignedHeaders=host&x-amz-checksum-mode=ENABLED&x-id=GetObject\n4. https://snagz.s3.eu-north-1.amazonaws.com/products/shop-6877a8dbd94f83fadc5ec607/product-6888d66ef18d2bfdc70f57d3/1753894632219-pdfc2phtv5f.webp?X-Amz-Algorithm=AWS4-HMAC-SHA256&X-Amz-Content-Sha256=UNSIGNED-PAYLOAD&X-Amz-Credential=AKIAV6W3A5XC64ATEUWK%2F20250730%2Feu-north-1%2Fs3%2Faws4_request&X-Amz-Date=20250730T165719Z&X-Amz-Expires=3600&X-Amz-Signature=b8e84cfcdc77584ad324bc37f5b924f63dbb576120a718dd7417b3392c2abf26&X-Amz-SignedHeaders=host&x-amz-checksum-mode=ENABLED&x-id=GetObject\n5. https://snagz.s3.eu-north-1.amazonaws.com/products/shop-6877a8dbd94f83fadc5ec607/product-6888d66ef18d2bfdc70f57d3/1753894638968-xwhj1dpf7y.webp?X-Amz-Algorithm=AWS4-HMAC-SHA256&X-Amz-Content-Sha256=UNSIGNED-PAYLOAD&X-Amz-Credential=AKIAV6W3A5XC64ATEUWK%2F20250730%2Feu-north-1%2Fs3%2Faws4_request&X-Amz-Date=20250730T165719Z&X-Amz-Expires=3600&X-Amz-Signature=db0d8d9cf6cd4598a56a51eedf4d89956d655a659ce3b298b0d757ecb5371ab0&X-Amz-SignedHeaders=host&x-amz-checksum-mode=ENABLED&x-id=GetObject']
[2025-07-31 10:20:43] Processing product 3/8: TestUploadNewImages
[2025-07-31 10:20:43] Product 3 total stock: 200 from stock_dict: {'default': 200}
[2025-07-31 10:20:43] Product 3 size stocks: {'XS': 0, 'S': 0, 'M': 0, 'L': 0, 'XL': 0}
[2025-07-31 10:20:43] Product 3 colors: [] -> ''
[2025-07-31 10:20:43] Product 3 sizes: [] -> ''
[2025-07-31 10:20:43] Product 3 images: 0 images -> ''
[2025-07-31 10:20:43] Successfully added product 3 data at row 8: TestUploadNewImages
[2025-07-31 10:20:43] Combined dates field content: ''
[2025-07-31 10:20:43] Colors field content: ''
[2025-07-31 10:20:43] Sizes field content: ''
[2025-07-31 10:20:43] Data written: ['Phono', 'TestUploadNewImages', 'Testing new image upload', '1283428448142', 200, 0, 0, 0, 0, 0, 297, 12, 'OUI', '', '', '', '', '', '', '', '']
[2025-07-31 10:20:43] Processing product 4/8: ItemImage
[2025-07-31 10:20:43] Product 4 total stock: 213 from stock_dict: {'default': 213}
[2025-07-31 10:20:43] Product 4 size stocks: {'XS': 0, 'S': 0, 'M': 0, 'L': 0, 'XL': 0}
[2025-07-31 10:20:43] Product 4 colors: [] -> ''
[2025-07-31 10:20:43] Product 4 sizes: [] -> ''
[2025-07-31 10:20:43] Product 4 images: 0 images -> ''
[2025-07-31 10:20:43] Successfully added product 4 data at row 9: ItemImage
[2025-07-31 10:20:43] Combined dates field content: ''
[2025-07-31 10:20:43] Colors field content: ''
[2025-07-31 10:20:43] Sizes field content: ''
[2025-07-31 10:20:43] Data written: ['Phono', 'ItemImage', 'Testing', '2142844010824', 213, 0, 0, 0, 0, 0, 300, 300, 'OUI', '', '', '', '', '', '', '', '']
[2025-07-31 10:20:43] Processing product 5/8: Bin22
[2025-07-31 10:20:43] Product 5 total stock: 448370 from stock_dict: {'XS': 321, 'S': 4214, 'M': 421421, 'L': 22414}
[2025-07-31 10:20:43] Product 5 size stocks: {'XS': 321, 'S': 4214, 'M': 421421, 'L': 22414, 'XL': 0}
[2025-07-31 10:20:43] Product 5 colors: [] -> ''
[2025-07-31 10:20:43] Product 5 sizes: ['XS', 'S', 'M', 'L'] -> 'XS, S, M, L'
[2025-07-31 10:20:43] Product 5 images: 0 images -> ''
[2025-07-31 10:20:43] Successfully added product 5 data at row 10: Bin22
[2025-07-31 10:20:43] Combined dates field content: ''
[2025-07-31 10:20:43] Colors field content: ''
[2025-07-31 10:20:43] Sizes field content: 'XS, S, M, L'
[2025-07-31 10:20:43] Data written: ['Merch', 'Bin22', 'Testing', '4214214821498', 448370, 321, 4214, 421421, 22414, 0, 2131, 23, 'NON', '', '', '', '', '', '', 'XS, S, M, L', '']
[2025-07-31 10:20:43] Processing product 6/8: TestTestTest
[2025-07-31 10:20:43] Product 6 total stock: 231 from stock_dict: {'default': 231}
[2025-07-31 10:20:43] Product 6 size stocks: {'XS': 0, 'S': 0, 'M': 0, 'L': 0, 'XL': 0}
[2025-07-31 10:20:43] Product 6 colors: [] -> ''
[2025-07-31 10:20:43] Product 6 sizes: [] -> ''
[2025-07-31 10:20:43] Product 6 images: 0 images -> ''
[2025-07-31 10:20:43] Successfully added product 6 data at row 11: TestTestTest
[2025-07-31 10:20:43] Combined dates field content: ''
[2025-07-31 10:20:43] Colors field content: ''
[2025-07-31 10:20:43] Sizes field content: ''
[2025-07-31 10:20:43] Data written: ['Phono', 'TestTestTest', 'TestTestTestTestTest', '4124214215215', 231, 0, 0, 0, 0, 0, 400, 23, 'OUI', '', '', '', '', '', '', '', '']
[2025-07-31 10:20:43] Processing product 7/8: wqfqf
[2025-07-31 10:20:43] Product 7 total stock: 242142421 from stock_dict: {'default': 242142421}
[2025-07-31 10:20:43] Product 7 size stocks: {'XS': 0, 'S': 0, 'M': 0, 'L': 0, 'XL': 0}
[2025-07-31 10:20:43] Product 7 colors: [] -> ''
[2025-07-31 10:20:43] Product 7 sizes: [] -> ''
[2025-07-31 10:20:43] Product 7 images: 1 images -> '1. https://snagz.s3.eu-north-1.amazonaws.com/products/shop-6877a8dbd94f83fadc5ec607/product-6888e61d...'
[2025-07-31 10:20:43] Successfully added product 7 data at row 12: wqfqf
[2025-07-31 10:20:43] Combined dates field content: ''
[2025-07-31 10:20:43] Colors field content: ''
[2025-07-31 10:20:43] Sizes field content: ''
[2025-07-31 10:20:43] Data written: ['Phono', 'wqfqf', 'fwqwfqfwwqf', '4214214244214', 242142421, 0, 0, 0, 0, 0, 211, '312', 'OUI', '', '', '', '', '', '', '', '1. https://snagz.s3.eu-north-1.amazonaws.com/products/shop-6877a8dbd94f83fadc5ec607/product-6888e61dab6f261e104ff5f5/1753805782272-u7p267mtym.jpg']
[2025-07-31 10:20:43] Processing product 8/8: ff
[2025-07-31 10:20:43] Product 8 total stock: 41241231321312 from stock_dict: {'default': 41241231321312}
[2025-07-31 10:20:43] Product 8 size stocks: {'XS': 0, 'S': 0, 'M': 0, 'L': 0, 'XL': 0}
[2025-07-31 10:20:43] Product 8 colors: [] -> ''
[2025-07-31 10:20:43] Product 8 sizes: [] -> ''
[2025-07-31 10:20:43] Product 8 images: 4 images -> '1. https://snagz.s3.eu-north-1.amazonaws.com/products/shop-6877a8dbd94f83fadc5ec607/product-6888e6ae...'
[2025-07-31 10:20:43] Successfully added product 8 data at row 13: ff
[2025-07-31 10:20:43] Combined dates field content: ''
[2025-07-31 10:20:43] Colors field content: ''
[2025-07-31 10:20:43] Sizes field content: ''
[2025-07-31 10:20:43] Data written: ['Phono', 'ff', 'ebfebfeqbiuf32bi', '2414214412412', 41241231321312, 0, 0, 0, 0, 0, 24140, '32', 'OUI', '', '', '', '', '', '', '', '1. https://snagz.s3.eu-north-1.amazonaws.com/products/shop-6877a8dbd94f83fadc5ec607/product-6888e6ae6baef4de8632cc4c/1753802414906-4v0nfhjzmov.jpg\n2. https://snagz.s3.eu-north-1.amazonaws.com/products/shop-6877a8dbd94f83fadc5ec607/product-6888e6ae6baef4de8632cc4c/1753802414657-elupuddnxo.jpeg\n3. https://snagz.s3.eu-north-1.amazonaws.com/products/shop-6877a8dbd94f83fadc5ec607/product-6888e6ae6baef4de8632cc4c/1753802415053-gz0z7cmqx5c.jpeg\n4. https://snagz.s3.eu-north-1.amazonaws.com/products/shop-6877a8dbd94f83fadc5ec607/product-6888e6ae6baef4de8632cc4c/1753802415152-wkh2scck6qa.webp']
[2025-07-31 10:20:43] Finished processing all products. Final row: 13
[2025-07-31 10:20:43] Processing worksheet: NE PAS MODIFIER
[2025-07-31 10:20:43] Could not find header rows - using default row 6 with safety buffer
[2025-07-31 10:20:43] Will start inserting product data at row: 6
[2025-07-31 10:20:43] Starting to add 8 products at row 6
[2025-07-31 10:20:43] Processing product 1/8: Tee White
[2025-07-31 10:20:43] Product 1 total stock: 1511 from stock_dict: {'XS-Noir': '321', 'S-Noir': 299, 'M-Noir': 298, 'L-Noir': 297, 'XL-Noir': 296}
[2025-07-31 10:20:43] Product 1 size stocks: {'XS': 321, 'S': 299, 'M': 298, 'L': 297, 'XL': 296}
[2025-07-31 10:20:43] Product 1 colors: ['Noir'] -> 'Noir'
[2025-07-31 10:20:43] Product 1 sizes: ['XS', 'S', 'M', 'L', 'XL'] -> 'XS, S, M, L, XL'
[2025-07-31 10:20:43] Product 1 images: 1 images -> '1. https://snagz.s3.eu-north-1.amazonaws.com/products/shop-6877a8dbd94f83fadc5ec607/product-6888d26d...'
[2025-07-31 10:20:43] Successfully added product 1 data at row 6: Tee White
[2025-07-31 10:20:43] Combined dates field content: ''
[2025-07-31 10:20:43] Colors field content: 'Noir'
[2025-07-31 10:20:43] Sizes field content: 'XS, S, M, L, XL'
[2025-07-31 10:20:43] Data written: ['POD', 'Tee White', 'ngai\n', '2421442142142', 1511, 321, 299, 298, 297, 296, 400, 19.99, 'NON', '', '', '', '', '', 'Noir', 'XS, S, M, L, XL', '1. https://snagz.s3.eu-north-1.amazonaws.com/products/shop-6877a8dbd94f83fadc5ec607/product-6888d26d4e81d882c94b51d4/1753806360430-fkbq9qawxx9.webp']
[2025-07-31 10:20:43] Processing product 2/8: BMF
[2025-07-31 10:20:43] Product 2 total stock: 1260 from stock_dict: {'S-Blanc': '1212', 'XS-Blanc': 12, 'M-Blanc': 12, 'L-Blanc': 12, 'XL-Blanc': 12}
[2025-07-31 10:20:43] Product 2 size stocks: {'XS': 12, 'S': 1212, 'M': 12, 'L': 12, 'XL': 12}
[2025-07-31 10:20:43] Product 2 colors: ['Blanc'] -> 'Blanc'
[2025-07-31 10:20:43] Product 2 sizes: ['S', 'XS', 'M', 'L', 'XL'] -> 'S, XS, M, L, XL'
[2025-07-31 10:20:43] Product 2 images: 5 images -> '1. https://snagz.s3.eu-north-1.amazonaws.com/products/shop-6877a8dbd94f83fadc5ec607/product-6888d66e...'
[2025-07-31 10:20:43] Successfully added product 2 data at row 7: BMF
[2025-07-31 10:20:43] Combined dates field content: ''
[2025-07-31 10:20:43] Colors field content: 'Blanc'
[2025-07-31 10:20:43] Sizes field content: 'S, XS, M, L, XL'
[2025-07-31 10:20:43] Data written: ['POD', 'BMF', 'test tee', '2112231333323', 1260, 12, 1212, 12, 12, 12, 300, 12, 'NON', '', '', '', '', '', 'Blanc', 'S, XS, M, L, XL', '1. https://snagz.s3.eu-north-1.amazonaws.com/products/shop-6877a8dbd94f83fadc5ec607/product-6888d66ef18d2bfdc70f57d3/1753894626376-blhxxo5tsfi.webp?X-Amz-Algorithm=AWS4-HMAC-SHA256&X-Amz-Content-Sha256=UNSIGNED-PAYLOAD&X-Amz-Credential=AKIAV6W3A5XC64ATEUWK%2F20250730%2Feu-north-1%2Fs3%2Faws4_request&X-Amz-Date=20250730T165719Z&X-Amz-Expires=3600&X-Amz-Signature=66032ffe2ccc4fa0ae2c8ef8330e65c66c47eeb8115a1829f9fe5856a2ecfdd3&X-Amz-SignedHeaders=host&x-amz-checksum-mode=ENABLED&x-id=GetObject\n2. https://snagz.s3.eu-north-1.amazonaws.com/products/shop-6877a8dbd94f83fadc5ec607/product-6888d66ef18d2bfdc70f57d3/1753894618510-mchxjbmfzcc.webp?X-Amz-Algorithm=AWS4-HMAC-SHA256&X-Amz-Content-Sha256=UNSIGNED-PAYLOAD&X-Amz-Credential=AKIAV6W3A5XC64ATEUWK%2F20250730%2Feu-north-1%2Fs3%2Faws4_request&X-Amz-Date=20250730T165719Z&X-Amz-Expires=3600&X-Amz-Signature=25ebec6351be0a4b02f479106c442e5fc958ea6e584dce857c1f6ca8997a6a75&X-Amz-SignedHeaders=host&x-amz-checksum-mode=ENABLED&x-id=GetObject\n3. https://snagz.s3.eu-north-1.amazonaws.com/products/shop-6877a8dbd94f83fadc5ec607/product-6888d66ef18d2bfdc70f57d3/1753894606215-ldwee1r13sk.webp?X-Amz-Algorithm=AWS4-HMAC-SHA256&X-Amz-Content-Sha256=UNSIGNED-PAYLOAD&X-Amz-Credential=AKIAV6W3A5XC64ATEUWK%2F20250730%2Feu-north-1%2Fs3%2Faws4_request&X-Amz-Date=20250730T165719Z&X-Amz-Expires=3600&X-Amz-Signature=8c5d14917fb6b6b68a4ce192467018f6d5c9c73eb0e9404d41a3947a3a146e86&X-Amz-SignedHeaders=host&x-amz-checksum-mode=ENABLED&x-id=GetObject\n4. https://snagz.s3.eu-north-1.amazonaws.com/products/shop-6877a8dbd94f83fadc5ec607/product-6888d66ef18d2bfdc70f57d3/1753894632219-pdfc2phtv5f.webp?X-Amz-Algorithm=AWS4-HMAC-SHA256&X-Amz-Content-Sha256=UNSIGNED-PAYLOAD&X-Amz-Credential=AKIAV6W3A5XC64ATEUWK%2F20250730%2Feu-north-1%2Fs3%2Faws4_request&X-Amz-Date=20250730T165719Z&X-Amz-Expires=3600&X-Amz-Signature=b8e84cfcdc77584ad324bc37f5b924f63dbb576120a718dd7417b3392c2abf26&X-Amz-SignedHeaders=host&x-amz-checksum-mode=ENABLED&x-id=GetObject\n5. https://snagz.s3.eu-north-1.amazonaws.com/products/shop-6877a8dbd94f83fadc5ec607/product-6888d66ef18d2bfdc70f57d3/1753894638968-xwhj1dpf7y.webp?X-Amz-Algorithm=AWS4-HMAC-SHA256&X-Amz-Content-Sha256=UNSIGNED-PAYLOAD&X-Amz-Credential=AKIAV6W3A5XC64ATEUWK%2F20250730%2Feu-north-1%2Fs3%2Faws4_request&X-Amz-Date=20250730T165719Z&X-Amz-Expires=3600&X-Amz-Signature=db0d8d9cf6cd4598a56a51eedf4d89956d655a659ce3b298b0d757ecb5371ab0&X-Amz-SignedHeaders=host&x-amz-checksum-mode=ENABLED&x-id=GetObject']
[2025-07-31 10:20:43] Processing product 3/8: TestUploadNewImages
[2025-07-31 10:20:43] Product 3 total stock: 200 from stock_dict: {'default': 200}
[2025-07-31 10:20:43] Product 3 size stocks: {'XS': 0, 'S': 0, 'M': 0, 'L': 0, 'XL': 0}
[2025-07-31 10:20:43] Product 3 colors: [] -> ''
[2025-07-31 10:20:43] Product 3 sizes: [] -> ''
[2025-07-31 10:20:43] Product 3 images: 0 images -> ''
[2025-07-31 10:20:43] Successfully added product 3 data at row 8: TestUploadNewImages
[2025-07-31 10:20:43] Combined dates field content: ''
[2025-07-31 10:20:43] Colors field content: ''
[2025-07-31 10:20:43] Sizes field content: ''
[2025-07-31 10:20:43] Data written: ['Phono', 'TestUploadNewImages', 'Testing new image upload', '1283428448142', 200, 0, 0, 0, 0, 0, 297, 12, 'OUI', '', '', '', '', '', '', '', '']
[2025-07-31 10:20:43] Processing product 4/8: ItemImage
[2025-07-31 10:20:43] Product 4 total stock: 213 from stock_dict: {'default': 213}
[2025-07-31 10:20:43] Product 4 size stocks: {'XS': 0, 'S': 0, 'M': 0, 'L': 0, 'XL': 0}
[2025-07-31 10:20:43] Product 4 colors: [] -> ''
[2025-07-31 10:20:43] Product 4 sizes: [] -> ''
[2025-07-31 10:20:43] Product 4 images: 0 images -> ''
[2025-07-31 10:20:43] Successfully added product 4 data at row 9: ItemImage
[2025-07-31 10:20:43] Combined dates field content: ''
[2025-07-31 10:20:43] Colors field content: ''
[2025-07-31 10:20:43] Sizes field content: ''
[2025-07-31 10:20:43] Data written: ['Phono', 'ItemImage', 'Testing', '2142844010824', 213, 0, 0, 0, 0, 0, 300, 300, 'OUI', '', '', '', '', '', '', '', '']
[2025-07-31 10:20:43] Processing product 5/8: Bin22
[2025-07-31 10:20:43] Product 5 total stock: 448370 from stock_dict: {'XS': 321, 'S': 4214, 'M': 421421, 'L': 22414}
[2025-07-31 10:20:43] Product 5 size stocks: {'XS': 321, 'S': 4214, 'M': 421421, 'L': 22414, 'XL': 0}
[2025-07-31 10:20:43] Product 5 colors: [] -> ''
[2025-07-31 10:20:43] Product 5 sizes: ['XS', 'S', 'M', 'L'] -> 'XS, S, M, L'
[2025-07-31 10:20:43] Product 5 images: 0 images -> ''
[2025-07-31 10:20:43] Successfully added product 5 data at row 10: Bin22
[2025-07-31 10:20:43] Combined dates field content: ''
[2025-07-31 10:20:43] Colors field content: ''
[2025-07-31 10:20:43] Sizes field content: 'XS, S, M, L'
[2025-07-31 10:20:43] Data written: ['Merch', 'Bin22', 'Testing', '4214214821498', 448370, 321, 4214, 421421, 22414, 0, 2131, 23, 'NON', '', '', '', '', '', '', 'XS, S, M, L', '']
[2025-07-31 10:20:43] Processing product 6/8: TestTestTest
[2025-07-31 10:20:43] Product 6 total stock: 231 from stock_dict: {'default': 231}
[2025-07-31 10:20:43] Product 6 size stocks: {'XS': 0, 'S': 0, 'M': 0, 'L': 0, 'XL': 0}
[2025-07-31 10:20:43] Product 6 colors: [] -> ''
[2025-07-31 10:20:43] Product 6 sizes: [] -> ''
[2025-07-31 10:20:43] Product 6 images: 0 images -> ''
[2025-07-31 10:20:43] Successfully added product 6 data at row 11: TestTestTest
[2025-07-31 10:20:43] Combined dates field content: ''
[2025-07-31 10:20:43] Colors field content: ''
[2025-07-31 10:20:43] Sizes field content: ''
[2025-07-31 10:20:43] Data written: ['Phono', 'TestTestTest', 'TestTestTestTestTest', '4124214215215', 231, 0, 0, 0, 0, 0, 400, 23, 'OUI', '', '', '', '', '', '', '', '']
[2025-07-31 10:20:43] Processing product 7/8: wqfqf
[2025-07-31 10:20:43] Product 7 total stock: 242142421 from stock_dict: {'default': 242142421}
[2025-07-31 10:20:43] Product 7 size stocks: {'XS': 0, 'S': 0, 'M': 0, 'L': 0, 'XL': 0}
[2025-07-31 10:20:43] Product 7 colors: [] -> ''
[2025-07-31 10:20:43] Product 7 sizes: [] -> ''
[2025-07-31 10:20:43] Product 7 images: 1 images -> '1. https://snagz.s3.eu-north-1.amazonaws.com/products/shop-6877a8dbd94f83fadc5ec607/product-6888e61d...'
[2025-07-31 10:20:43] Successfully added product 7 data at row 12: wqfqf
[2025-07-31 10:20:43] Combined dates field content: ''
[2025-07-31 10:20:43] Colors field content: ''
[2025-07-31 10:20:43] Sizes field content: ''
[2025-07-31 10:20:43] Data written: ['Phono', 'wqfqf', 'fwqwfqfwwqf', '4214214244214', 242142421, 0, 0, 0, 0, 0, 211, '312', 'OUI', '', '', '', '', '', '', '', '1. https://snagz.s3.eu-north-1.amazonaws.com/products/shop-6877a8dbd94f83fadc5ec607/product-6888e61dab6f261e104ff5f5/1753805782272-u7p267mtym.jpg']
[2025-07-31 10:20:43] Processing product 8/8: ff
[2025-07-31 10:20:43] Product 8 total stock: 41241231321312 from stock_dict: {'default': 41241231321312}
[2025-07-31 10:20:43] Product 8 size stocks: {'XS': 0, 'S': 0, 'M': 0, 'L': 0, 'XL': 0}
[2025-07-31 10:20:43] Product 8 colors: [] -> ''
[2025-07-31 10:20:43] Product 8 sizes: [] -> ''
[2025-07-31 10:20:43] Product 8 images: 4 images -> '1. https://snagz.s3.eu-north-1.amazonaws.com/products/shop-6877a8dbd94f83fadc5ec607/product-6888e6ae...'
[2025-07-31 10:20:43] Successfully added product 8 data at row 13: ff
[2025-07-31 10:20:43] Combined dates field content: ''
[2025-07-31 10:20:43] Colors field content: ''
[2025-07-31 10:20:43] Sizes field content: ''
[2025-07-31 10:20:43] Data written: ['Phono', 'ff', 'ebfebfeqbiuf32bi', '2414214412412', 41241231321312, 0, 0, 0, 0, 0, 24140, '32', 'OUI', '', '', '', '', '', '', '', '1. https://snagz.s3.eu-north-1.amazonaws.com/products/shop-6877a8dbd94f83fadc5ec607/product-6888e6ae6baef4de8632cc4c/1753802414906-4v0nfhjzmov.jpg\n2. https://snagz.s3.eu-north-1.amazonaws.com/products/shop-6877a8dbd94f83fadc5ec607/product-6888e6ae6baef4de8632cc4c/1753802414657-elupuddnxo.jpeg\n3. https://snagz.s3.eu-north-1.amazonaws.com/products/shop-6877a8dbd94f83fadc5ec607/product-6888e6ae6baef4de8632cc4c/1753802415053-gz0z7cmqx5c.jpeg\n4. https://snagz.s3.eu-north-1.amazonaws.com/products/shop-6877a8dbd94f83fadc5ec607/product-6888e6ae6baef4de8632cc4c/1753802415152-wkh2scck6qa.webp']
[2025-07-31 10:20:43] Finished processing all products. Final row: 13
[2025-07-31 10:20:43] Merchandising XLSX file saved to /Users/achrafbayi/Desktop/Data processing alternative/Code/backend/src/services/FichesProduitTemplate/PROCESSED_FICHES.PRODUITS_SHOPIFY_TST_TEST_AMANDA.xlsx
[2025-07-31 10:20:43] Merchandising XLSX processing completed successfully
