[2025-07-03 11:34:23] Merchandising XLSX processor script started
[2025-07-03 11:34:23] Template path: /Users/achrafbayi/Desktop/Data processing alternative/Code/backend/src/services/FichesProduitTemplate/FICHES.PRODUITS_SHOPIFY_CLIENT_PROJET.xlsx
[2025-07-03 11:34:23] Output path: /Users/achrafbayi/Desktop/Data processing alternative/Code/backend/src/services/FichesProduitTemplate/PROCESSED_FICHES.PRODUITS_SHOPIFY_GZ_BBZ.xlsx
[2025-07-03 11:34:23] Decoding base64 data...
[2025-07-03 11:34:23] Successfully decoded base64 data
[2025-07-03 11:34:23] Parsing JSON data...
[2025-07-03 11:34:23] Successfully parsed JSON data
[2025-07-03 11:34:23] Starting merchandising XLSX processing...
[2025-07-03 11:34:23] Starting Merchandising XLSX processing for: /Users/achrafbayi/Desktop/Data processing alternative/Code/backend/src/services/FichesProduitTemplate/FICHES.PRODUITS_SHOPIFY_CLIENT_PROJET.xlsx
[2025-07-03 11:34:23] Output will be saved to: /Users/achrafbayi/Desktop/Data processing alternative/Code/backend/src/services/FichesProduitTemplate/PROCESSED_FICHES.PRODUITS_SHOPIFY_GZ_BBZ.xlsx
[2025-07-03 11:34:23] Successfully loaded workbook: /Users/achrafbayi/Desktop/Data processing alternative/Code/backend/src/services/FichesProduitTemplate/FICHES.PRODUITS_SHOPIFY_CLIENT_PROJET.xlsx
[2025-07-03 11:34:23] Shop data keys: ['nomProjet', 'shopifyDomain', 'products']
[2025-07-03 11:34:23] Processing 2 products for shop: BBZ
[2025-07-03 11:34:23] Processing worksheet: Catalogue en ligne
[2025-07-03 11:34:23] Replaced 'CLIENT' with 'BBZ' in cell A2
[2025-07-03 11:34:23] Replaced 'nomProjet' with 'BBZ' in cell B2
[2025-07-03 11:34:23] Replaced 'shopifyDomain' with 'ejinbc-dn' in cell C2
[2025-07-03 11:34:23] Found size header row at row 4 with 5 size columns: {'XS': 6, 'S': 7, 'M': 8, 'L': 9, 'XL': 10}
[2025-07-03 11:34:23] Will start inserting product data at row: 5
[2025-07-03 11:34:23] Starting to add 2 products at row 5
[2025-07-03 11:34:23] Processing product 1/2: Waffle
[2025-07-03 11:34:23] Product 1 total stock: 955 from stock_dict: {'XS': 2, 'S': 31, 'M': 922}
[2025-07-03 11:34:23] Product 1 size stocks: {'XS': 2, 'S': 31, 'M': 922, 'L': 0, 'XL': 0}
[2025-07-03 11:34:23] Successfully added product 1 data at row 5: Waffle
[2025-07-03 11:34:23] Data written: ['Merch', 'Waffle', 'Waffle', '678910', 955, 2, 31, 922, 0, 0, 400, 7.99, 'NON']
[2025-07-03 11:34:23] Processing product 2/2: Poulet
[2025-07-03 11:34:23] Product 2 total stock: 5809 from stock_dict: {'L-Bleu': 123, 'L-Rouge': 324, 'XL-Bleu': 5239, 'XL-Rouge': 123}
[2025-07-03 11:34:23] Product 2 size stocks: {'XS': 0, 'S': 0, 'M': 0, 'L': 447, 'XL': 5362}
[2025-07-03 11:34:23] Successfully added product 2 data at row 6: Poulet
[2025-07-03 11:34:23] Data written: ['Merch', 'Poulet', 'Chicken', '69', 5809, 0, 0, 0, 447, 5362, 800, 9.99, 'NON']
[2025-07-03 11:34:23] Finished processing all products. Final row: 6
[2025-07-03 11:34:23] Processing worksheet: POD
[2025-07-03 11:34:23] Could not find header rows - using default row 6 with safety buffer
[2025-07-03 11:34:23] Will start inserting product data at row: 6
[2025-07-03 11:34:23] Starting to add 2 products at row 6
[2025-07-03 11:34:23] Processing product 1/2: Waffle
[2025-07-03 11:34:23] Product 1 total stock: 955 from stock_dict: {'XS': 2, 'S': 31, 'M': 922}
[2025-07-03 11:34:23] Product 1 size stocks: {'XS': 2, 'S': 31, 'M': 922, 'L': 0, 'XL': 0}
[2025-07-03 11:34:23] Successfully added product 1 data at row 6: Waffle
[2025-07-03 11:34:23] Data written: ['Merch', 'Waffle', 'Waffle', '678910', 955, 2, 31, 922, 0, 0, 400, 7.99, 'NON']
[2025-07-03 11:34:23] Processing product 2/2: Poulet
[2025-07-03 11:34:23] Product 2 total stock: 5809 from stock_dict: {'L-Bleu': 123, 'L-Rouge': 324, 'XL-Bleu': 5239, 'XL-Rouge': 123}
[2025-07-03 11:34:23] Product 2 size stocks: {'XS': 0, 'S': 0, 'M': 0, 'L': 447, 'XL': 5362}
[2025-07-03 11:34:23] Successfully added product 2 data at row 7: Poulet
[2025-07-03 11:34:23] Data written: ['Merch', 'Poulet', 'Chicken', '69', 5809, 0, 0, 0, 447, 5362, 800, 9.99, 'NON']
[2025-07-03 11:34:23] Finished processing all products. Final row: 7
[2025-07-03 11:34:23] Processing worksheet: Feuil1
[2025-07-03 11:34:23] Could not find header rows - using default row 6 with safety buffer
[2025-07-03 11:34:23] Will start inserting product data at row: 6
[2025-07-03 11:34:23] Starting to add 2 products at row 6
[2025-07-03 11:34:23] Processing product 1/2: Waffle
[2025-07-03 11:34:23] Product 1 total stock: 955 from stock_dict: {'XS': 2, 'S': 31, 'M': 922}
[2025-07-03 11:34:23] Product 1 size stocks: {'XS': 2, 'S': 31, 'M': 922, 'L': 0, 'XL': 0}
[2025-07-03 11:34:23] Successfully added product 1 data at row 6: Waffle
[2025-07-03 11:34:23] Data written: ['Merch', 'Waffle', 'Waffle', '678910', 955, 2, 31, 922, 0, 0, 400, 7.99, 'NON']
[2025-07-03 11:34:23] Processing product 2/2: Poulet
[2025-07-03 11:34:23] Product 2 total stock: 5809 from stock_dict: {'L-Bleu': 123, 'L-Rouge': 324, 'XL-Bleu': 5239, 'XL-Rouge': 123}
[2025-07-03 11:34:23] Product 2 size stocks: {'XS': 0, 'S': 0, 'M': 0, 'L': 447, 'XL': 5362}
[2025-07-03 11:34:23] Successfully added product 2 data at row 7: Poulet
[2025-07-03 11:34:23] Data written: ['Merch', 'Poulet', 'Chicken', '69', 5809, 0, 0, 0, 447, 5362, 800, 9.99, 'NON']
[2025-07-03 11:34:23] Finished processing all products. Final row: 7
[2025-07-03 11:34:23] Processing worksheet: NE PAS MODIFIER
[2025-07-03 11:34:23] Could not find header rows - using default row 6 with safety buffer
[2025-07-03 11:34:23] Will start inserting product data at row: 6
[2025-07-03 11:34:23] Starting to add 2 products at row 6
[2025-07-03 11:34:23] Processing product 1/2: Waffle
[2025-07-03 11:34:23] Product 1 total stock: 955 from stock_dict: {'XS': 2, 'S': 31, 'M': 922}
[2025-07-03 11:34:23] Product 1 size stocks: {'XS': 2, 'S': 31, 'M': 922, 'L': 0, 'XL': 0}
[2025-07-03 11:34:23] Successfully added product 1 data at row 6: Waffle
[2025-07-03 11:34:23] Data written: ['Merch', 'Waffle', 'Waffle', '678910', 955, 2, 31, 922, 0, 0, 400, 7.99, 'NON']
[2025-07-03 11:34:23] Processing product 2/2: Poulet
[2025-07-03 11:34:23] Product 2 total stock: 5809 from stock_dict: {'L-Bleu': 123, 'L-Rouge': 324, 'XL-Bleu': 5239, 'XL-Rouge': 123}
[2025-07-03 11:34:23] Product 2 size stocks: {'XS': 0, 'S': 0, 'M': 0, 'L': 447, 'XL': 5362}
[2025-07-03 11:34:23] Successfully added product 2 data at row 7: Poulet
[2025-07-03 11:34:23] Data written: ['Merch', 'Poulet', 'Chicken', '69', 5809, 0, 0, 0, 447, 5362, 800, 9.99, 'NON']
[2025-07-03 11:34:23] Finished processing all products. Final row: 7
[2025-07-03 11:34:23] Merchandising XLSX file saved to /Users/achrafbayi/Desktop/Data processing alternative/Code/backend/src/services/FichesProduitTemplate/PROCESSED_FICHES.PRODUITS_SHOPIFY_GZ_BBZ.xlsx
[2025-07-03 11:34:23] Merchandising XLSX processing completed successfully
