[2025-06-30 10:20:28] XLSX processor script started
[2025-06-30 10:20:28] Template path: /Users/achrafbayi/Desktop/Data processing alternative/Code/backend/src/services/FileWebMerch/FICHES.PRODUITS_SHOPIFY_CLIENT_PROJET.xlsx
[2025-06-30 10:20:28] Output path: /Users/achrafbayi/Desktop/Data processing alternative/Code/backend/src/services/FileWebMerch/PROCESSED_FICHES.PRODUITS_SHOPIFY_TST_TESTDOC.xlsx
[2025-06-30 10:20:28] Encoded data length: 568 characters
[2025-06-30 10:20:28] Decoding base64 data...
[2025-06-30 10:20:28] Successfully decoded base64 data
[2025-06-30 10:20:28] [DEBUG] Type of shop_data_string after decode: <class 'str'>
[2025-06-30 10:20:28] [DEBUG] First 100 chars of shop_data_string: {"nomProjet":"TESTDOC","nomClient":"TsT","contactsClient":"achrafbayi@icloud.com","compteClientRef":...
[2025-06-30 10:20:28] Parsing JSON data...
[2025-06-30 10:20:28] Successfully parsed JSON data
[2025-06-30 10:20:28] [DEBUG] Type of shop_data after json.loads: <class 'dict'>
[2025-06-30 10:20:28] [DEBUG] shop_data keys: ['nomProjet', 'nomClient', 'contactsClient', 'compteClientRef', 'dateCommercialisation', 'dateSortieOfficielle', 'precommande', 'dedicaceEnvisagee', 'estBoutiqueEnLigne', 'chefProjet', 'demarrageProjet', 'typeProjet', 'commercial', 'raisonSociale', 'shopifyPlanMonthlySelected', 'shopifyPlanYearlySelected']
[2025-06-30 10:20:28] Starting XLSX processing...
[2025-06-30 10:20:28] Starting XLSX processing for: /Users/achrafbayi/Desktop/Data processing alternative/Code/backend/src/services/FileWebMerch/FICHES.PRODUITS_SHOPIFY_CLIENT_PROJET.xlsx
[2025-06-30 10:20:28] Output will be saved to: /Users/achrafbayi/Desktop/Data processing alternative/Code/backend/src/services/FileWebMerch/PROCESSED_FICHES.PRODUITS_SHOPIFY_TST_TESTDOC.xlsx
[2025-06-30 10:20:28] Successfully loaded workbook: /Users/achrafbayi/Desktop/Data processing alternative/Code/backend/src/services/FileWebMerch/FICHES.PRODUITS_SHOPIFY_CLIENT_PROJET.xlsx
[2025-06-30 10:20:28] [DEBUG - Inside replace_placeholders_in_xlsx] Type of shop_data: <class 'dict'>
[2025-06-30 10:20:28] [DEBUG - Inside replace_placeholders_in_xlsx] Content of shop_data: {'nomProjet': 'TESTDOC', 'nomClient': 'TsT', 'contactsClient': 'achrafbayi@icloud.com', 'compteClientRef': '887459', 'dateCommercialisation': '', 'dateSortieOfficielle': '', 'precommande': 'NON', 'dedicaceEnvisagee': 'NON', 'estBoutiqueEnLigne': 'NON', 'chefProjet': 'Jhon Doe', 'demarrageProjet': '2025/09/09', 'typeProjet': 'test', 'commercial': 'AchrafB', 'raisonSociale': 'TsT', 'shopifyPlanMonthlySelected': False, 'shopifyPlanYearlySelected': False}
[2025-06-30 10:20:28] Processing 4 worksheets...
[2025-06-30 10:20:28] Processing worksheet: Catalogue en ligne
[2025-06-30 10:20:28] Processing worksheet: POD
[2025-06-30 10:20:28] Processing worksheet: Feuil1
[2025-06-30 10:20:28] Processing worksheet: NE PAS MODIFIER
[2025-06-30 10:20:28] XLSX file saved to /Users/achrafbayi/Desktop/Data processing alternative/Code/backend/src/services/FileWebMerch/PROCESSED_FICHES.PRODUITS_SHOPIFY_TST_TESTDOC.xlsx
[2025-06-30 10:20:28] XLSX processing completed successfully
