[2025-06-26 17:34:04] XLSX processor script started
[2025-06-26 17:34:04] Template path: /Users/achrafbayi/Desktop/Data processing alternative/Code/backend/src/services/FileWebMerch/FICHES.PRODUITS_SHOPIFY_CLIENT_PROJET.xlsx
[2025-06-26 17:34:04] Output path: /Users/achrafbayi/Desktop/Data processing alternative/Code/backend/src/services/FileWebMerch/PROCESSED_FICHES.PRODUITS_SHOPIFY_TST_BATACLAN.xlsx
[2025-06-26 17:34:04] Encoded data length: 604 characters
[2025-06-26 17:34:04] Decoding base64 data...
[2025-06-26 17:34:04] Successfully decoded base64 data
[2025-06-26 17:34:04] [DEBUG] Type of shop_data_string after decode: <class 'str'>
[2025-06-26 17:34:04] [DEBUG] First 100 chars of shop_data_string: {"nomProjet":"Bataclan","typeProjet":"shop","commercial":"Achraf","raisonSociale":"TsT","compteClien...
[2025-06-26 17:34:04] Parsing JSON data...
[2025-06-26 17:34:04] Successfully parsed JSON data
[2025-06-26 17:34:04] [DEBUG] Type of shop_data after json.loads: <class 'dict'>
[2025-06-26 17:34:04] [DEBUG] shop_data keys: ['nomProjet', 'typeProjet', 'commercial', 'raisonSociale', 'compteClientRef', 'contactsClient', 'dateMiseEnLigne', 'dateCommercialisation', 'dateSortieOfficielle', 'precommande', 'dedicaceEnvisagee', 'shopifyPlanMonthlySelected', 'shopifyPlanYearlySelected', 'boutiqueEnLigne', 'chefProjet', 'dateDemarageProjet']
[2025-06-26 17:34:04] Starting XLSX processing...
[2025-06-26 17:34:04] Starting XLSX processing for: /Users/achrafbayi/Desktop/Data processing alternative/Code/backend/src/services/FileWebMerch/FICHES.PRODUITS_SHOPIFY_CLIENT_PROJET.xlsx
[2025-06-26 17:34:04] Output will be saved to: /Users/achrafbayi/Desktop/Data processing alternative/Code/backend/src/services/FileWebMerch/PROCESSED_FICHES.PRODUITS_SHOPIFY_TST_BATACLAN.xlsx
[2025-06-26 17:34:04] Successfully loaded workbook: /Users/achrafbayi/Desktop/Data processing alternative/Code/backend/src/services/FileWebMerch/FICHES.PRODUITS_SHOPIFY_CLIENT_PROJET.xlsx
[2025-06-26 17:34:04] [DEBUG - Inside replace_placeholders_in_xlsx] Type of shop_data: <class 'dict'>
[2025-06-26 17:34:04] [DEBUG - Inside replace_placeholders_in_xlsx] Content of shop_data: {'nomProjet': 'Bataclan', 'typeProjet': 'shop', 'commercial': 'Achraf', 'raisonSociale': 'TsT', 'compteClientRef': '887459', 'contactsClient': 'achrafbavi@gmail.com', 'dateMiseEnLigne': '05/06/2025', 'dateCommercialisation': '05/06/2025', 'dateSortieOfficielle': '05/06/2025', 'precommande': True, 'dedicaceEnvisagee': True, 'shopifyPlanMonthlySelected': True, 'shopifyPlanYearlySelected': False, 'boutiqueEnLigne': 'OUI', 'chefProjet': 'Jhon Doe', 'dateDemarageProjet': '09/09/2025'}
[2025-06-26 17:34:04] Processing 4 worksheets...
[2025-06-26 17:34:04] Processing worksheet: Catalogue en ligne
[2025-06-26 17:34:04] Processing worksheet: POD
[2025-06-26 17:34:04] Processing worksheet: Feuil1
[2025-06-26 17:34:04] Processing worksheet: NE PAS MODIFIER
[2025-06-26 17:34:05] XLSX file saved to /Users/achrafbayi/Desktop/Data processing alternative/Code/backend/src/services/FileWebMerch/PROCESSED_FICHES.PRODUITS_SHOPIFY_TST_BATACLAN.xlsx
[2025-06-26 17:34:05] XLSX processing completed successfully
