[2025-07-02 16:56:24] XLSX processor script started
[2025-07-02 16:56:24] Template path: /Users/achrafbayi/Desktop/Data processing alternative/Code/backend/src/services/FileWebMerch/FICHES.PRODUITS_SHOPIFY_CLIENT_PROJET.xlsx
[2025-07-02 16:56:24] Output path: /Users/achrafbayi/Desktop/Data processing alternative/Code/backend/src/services/FileWebMerch/PROCESSED_FICHES.PRODUITS_SHOPIFY_GZ_BIN2.xlsx
[2025-07-02 16:56:24] Encoded data length: 736 characters
[2025-07-02 16:56:24] Decoding base64 data...
[2025-07-02 16:56:24] Successfully decoded base64 data
[2025-07-02 16:56:24] [DEBUG] Type of shop_data_string after decode: <class 'str'>
[2025-07-02 16:56:24] [DEBUG] First 100 chars of shop_data_string: {"nomProjet":"Bin2","typeProjet":"Projet cheveux long","contactsClient":"test@email.com","nomClient"...
[2025-07-02 16:56:24] Parsing JSON data...
[2025-07-02 16:56:24] Successfully parsed JSON data
[2025-07-02 16:56:24] [DEBUG] Type of shop_data after json.loads: <class 'dict'>
[2025-07-02 16:56:24] [DEBUG] shop_data keys: ['nomProjet', 'typeProjet', 'contactsClient', 'nomClient', 'compteClientRef', 'dateMiseEnLigne', 'dateCommercialisation', 'dateSortieOfficielle', 'precommande', 'dedicaceEnvisagee', 'estBoutiqueEnLigne', 'chefProjet', 'demarrageProjet', 'commercial', 'raisonSociale', 'shopifyPlanMonthlySelected', 'shopifyPlanYearlySelected', 'typeAbonnementShopify', 'moduleMondialRelay', 'moduleDelivengo']
[2025-07-02 16:56:24] Starting XLSX processing...
[2025-07-02 16:56:24] Starting XLSX processing for: /Users/achrafbayi/Desktop/Data processing alternative/Code/backend/src/services/FileWebMerch/FICHES.PRODUITS_SHOPIFY_CLIENT_PROJET.xlsx
[2025-07-02 16:56:24] Output will be saved to: /Users/achrafbayi/Desktop/Data processing alternative/Code/backend/src/services/FileWebMerch/PROCESSED_FICHES.PRODUITS_SHOPIFY_GZ_BIN2.xlsx
[2025-07-02 16:56:24] Successfully loaded workbook: /Users/achrafbayi/Desktop/Data processing alternative/Code/backend/src/services/FileWebMerch/FICHES.PRODUITS_SHOPIFY_CLIENT_PROJET.xlsx
[2025-07-02 16:56:24] [DEBUG - Inside replace_placeholders_in_xlsx] Type of shop_data: <class 'dict'>
[2025-07-02 16:56:24] [DEBUG - Inside replace_placeholders_in_xlsx] Content of shop_data: {'nomProjet': 'Bin2', 'typeProjet': 'Projet cheveux long', 'contactsClient': 'test@email.com', 'nomClient': 'GZ', 'compteClientRef': '678910', 'dateMiseEnLigne': '2025/06/16', 'dateCommercialisation': '2025/06/17', 'dateSortieOfficielle': '2025/06/19', 'precommande': 'NON', 'dedicaceEnvisagee': 'NON', 'estBoutiqueEnLigne': 'NON', 'chefProjet': 'Jhon Doe', 'demarrageProjet': '', 'commercial': 'Achraf', 'raisonSociale': 'GZ', 'shopifyPlanMonthlySelected': True, 'shopifyPlanYearlySelected': False, 'typeAbonnementShopify': 'mensuel', 'moduleMondialRelay': False, 'moduleDelivengo': False}
[2025-07-02 16:56:24] Processing 4 worksheets...
[2025-07-02 16:56:24] Processing worksheet: Catalogue en ligne
[2025-07-02 16:56:24] Processing worksheet: POD
[2025-07-02 16:56:24] Processing worksheet: Feuil1
[2025-07-02 16:56:24] Processing worksheet: NE PAS MODIFIER
[2025-07-02 16:56:24] XLSX file saved to /Users/achrafbayi/Desktop/Data processing alternative/Code/backend/src/services/FileWebMerch/PROCESSED_FICHES.PRODUITS_SHOPIFY_GZ_BIN2.xlsx
[2025-07-02 16:56:24] XLSX processing completed successfully
