[2025-06-26 17:27:47] XLSX processor script started
[2025-06-26 17:27:47] Template path: /Users/achrafbayi/Desktop/Data processing alternative/Code/backend/src/services/FileWebMerch/FICHES.PRODUITS_SHOPIFY_CLIENT_PROJET.xlsx
[2025-06-26 17:27:47] Output path: /Users/achrafbayi/Desktop/Data processing alternative/Code/backend/src/services/FileWebMerch/PROCESSED_FICHES.PRODUITS_SHOPIFY_TST_SERIOUS.xlsx
[2025-06-26 17:27:47] Encoded data length: 608 characters
[2025-06-26 17:27:47] Decoding base64 data...
[2025-06-26 17:27:47] Successfully decoded base64 data
[2025-06-26 17:27:47] [DEBUG] Type of shop_data_string after decode: <class 'str'>
[2025-06-26 17:27:47] [DEBUG] First 100 chars of shop_data_string: {"nomProjet":"Serious","typeProjet":"Shop","commercial":"Achraf","raisonSociale":"TsT","compteClient...
[2025-06-26 17:27:47] Parsing JSON data...
[2025-06-26 17:27:47] Successfully parsed JSON data
[2025-06-26 17:27:47] [DEBUG] Type of shop_data after json.loads: <class 'dict'>
[2025-06-26 17:27:47] [DEBUG] shop_data keys: ['nomProjet', 'typeProjet', 'commercial', 'raisonSociale', 'compteClientRef', 'contactsClient', 'dateMiseEnLigne', 'dateCommercialisation', 'dateSortieOfficielle', 'precommande', 'dedicaceEnvisagee', 'shopifyPlanMonthlySelected', 'shopifyPlanYearlySelected', 'boutiqueEnLigne', 'chefProjet', 'dateDemarageProjet']
[2025-06-26 17:27:47] Starting XLSX processing...
[2025-06-26 17:27:47] Starting XLSX processing for: /Users/achrafbayi/Desktop/Data processing alternative/Code/backend/src/services/FileWebMerch/FICHES.PRODUITS_SHOPIFY_CLIENT_PROJET.xlsx
[2025-06-26 17:27:47] Output will be saved to: /Users/achrafbayi/Desktop/Data processing alternative/Code/backend/src/services/FileWebMerch/PROCESSED_FICHES.PRODUITS_SHOPIFY_TST_SERIOUS.xlsx
[2025-06-26 17:27:47] Successfully loaded workbook: /Users/achrafbayi/Desktop/Data processing alternative/Code/backend/src/services/FileWebMerch/FICHES.PRODUITS_SHOPIFY_CLIENT_PROJET.xlsx
[2025-06-26 17:27:47] [DEBUG - Inside replace_placeholders_in_xlsx] Type of shop_data: <class 'dict'>
[2025-06-26 17:27:47] [DEBUG - Inside replace_placeholders_in_xlsx] Content of shop_data: {'nomProjet': 'Serious', 'typeProjet': 'Shop', 'commercial': 'Achraf', 'raisonSociale': 'TsT', 'compteClientRef': '887459', 'contactsClient': 'achrafbayi@icloud.com', 'dateMiseEnLigne': '27/06/2025', 'dateCommercialisation': '28/06/2025', 'dateSortieOfficielle': '30/06/2025', 'precommande': True, 'dedicaceEnvisagee': False, 'shopifyPlanMonthlySelected': False, 'shopifyPlanYearlySelected': True, 'boutiqueEnLigne': 'OUI', 'chefProjet': 'Jhon Doe', 'dateDemarageProjet': '26/06/2025'}
[2025-06-26 17:27:47] Processing 4 worksheets...
[2025-06-26 17:27:47] Processing worksheet: Catalogue en ligne
[2025-06-26 17:27:47] Processing worksheet: POD
[2025-06-26 17:27:47] Processing worksheet: Feuil1
[2025-06-26 17:27:47] Processing worksheet: NE PAS MODIFIER
[2025-06-26 17:27:47] XLSX file saved to /Users/achrafbayi/Desktop/Data processing alternative/Code/backend/src/services/FileWebMerch/PROCESSED_FICHES.PRODUITS_SHOPIFY_TST_SERIOUS.xlsx
[2025-06-26 17:27:47] XLSX processing completed successfully
