[2025-06-30 15:40:55] XLSX processor script started
[2025-06-30 15:40:55] Template path: /Users/achrafbayi/Desktop/Data processing alternative/Code/backend/src/services/FileWebMerch/FICHES.PRODUITS_SHOPIFY_CLIENT_PROJET.xlsx
[2025-06-30 15:40:55] Output path: /Users/achrafbayi/Desktop/Data processing alternative/Code/backend/src/services/FileWebMerch/PROCESSED_FICHES.PRODUITS_SHOPIFY_TST_TESTDOC.xlsx
[2025-06-30 15:40:55] Encoded data length: 748 characters
[2025-06-30 15:40:55] Decoding base64 data...
[2025-06-30 15:40:55] Successfully decoded base64 data
[2025-06-30 15:40:55] [DEBUG] Type of shop_data_string after decode: <class 'str'>
[2025-06-30 15:40:55] [DEBUG] First 100 chars of shop_data_string: {"nomProjet":"TESTDOC","typeProjet":"test","contactsClient":"achrafbayi@icloud.com","nomClient":"TsT...
[2025-06-30 15:40:55] Parsing JSON data...
[2025-06-30 15:40:55] Successfully parsed JSON data
[2025-06-30 15:40:55] [DEBUG] Type of shop_data after json.loads: <class 'dict'>
[2025-06-30 15:40:55] [DEBUG] shop_data keys: ['nomProjet', 'typeProjet', 'contactsClient', 'nomClient', 'compteClientRef', 'dateMiseEnLigne', 'dateCommercialisation', 'dateSortieOfficielle', 'precommande', 'dedicaceEnvisagee', 'estBoutiqueEnLigne', 'chefProjet', 'demarrageProjet', 'commercial', 'raisonSociale', 'shopifyPlanMonthlySelected', 'shopifyPlanYearlySelected', 'typeAbonnementShopify', 'moduleMondialRelay', 'moduleDelivengo']
[2025-06-30 15:40:55] Starting XLSX processing...
[2025-06-30 15:40:55] Starting XLSX processing for: /Users/achrafbayi/Desktop/Data processing alternative/Code/backend/src/services/FileWebMerch/FICHES.PRODUITS_SHOPIFY_CLIENT_PROJET.xlsx
[2025-06-30 15:40:55] Output will be saved to: /Users/achrafbayi/Desktop/Data processing alternative/Code/backend/src/services/FileWebMerch/PROCESSED_FICHES.PRODUITS_SHOPIFY_TST_TESTDOC.xlsx
[2025-06-30 15:40:55] Successfully loaded workbook: /Users/achrafbayi/Desktop/Data processing alternative/Code/backend/src/services/FileWebMerch/FICHES.PRODUITS_SHOPIFY_CLIENT_PROJET.xlsx
[2025-06-30 15:40:55] [DEBUG - Inside replace_placeholders_in_xlsx] Type of shop_data: <class 'dict'>
[2025-06-30 15:40:55] [DEBUG - Inside replace_placeholders_in_xlsx] Content of shop_data: {'nomProjet': 'TESTDOC', 'typeProjet': 'test', 'contactsClient': 'achrafbayi@icloud.com', 'nomClient': 'TsT', 'compteClientRef': '678910', 'dateMiseEnLigne': '2025/07/23', 'dateCommercialisation': '2025/07/22', 'dateSortieOfficielle': '2025/08/30', 'precommande': 'NON', 'dedicaceEnvisagee': 'NON', 'estBoutiqueEnLigne': 'NON', 'chefProjet': 'Jhon Doe', 'demarrageProjet': '2025/09/09', 'commercial': 'AchrafB', 'raisonSociale': 'TsT', 'shopifyPlanMonthlySelected': True, 'shopifyPlanYearlySelected': False, 'typeAbonnementShopify': 'mensuel', 'moduleMondialRelay': False, 'moduleDelivengo': False}
[2025-06-30 15:40:55] Processing 4 worksheets...
[2025-06-30 15:40:55] Processing worksheet: Catalogue en ligne
[2025-06-30 15:40:55] Processing worksheet: POD
[2025-06-30 15:40:55] Processing worksheet: Feuil1
[2025-06-30 15:40:55] Processing worksheet: NE PAS MODIFIER
[2025-06-30 15:40:55] XLSX file saved to /Users/achrafbayi/Desktop/Data processing alternative/Code/backend/src/services/FileWebMerch/PROCESSED_FICHES.PRODUITS_SHOPIFY_TST_TESTDOC.xlsx
[2025-06-30 15:40:55] XLSX processing completed successfully
